 GET /cart? 200 in 216ms
 ○ Compiling /_not-found/page ...
 ✓ Compiled /_not-found/page in 2.6s
 GET /.well-known/appspecific/com.chrome.devtools.json 404 in 2749ms
 ✓ Compiled in 431ms
🔑 Stripe key: pk_test_51Q3rVNECICP...
 GET /cart 200 in 766ms
 GET /.well-known/appspecific/com.chrome.devtools.json 404 in 723ms
 ✓ Compiled in 14.4s
 ✓ Compiled /cart in 52ms
 GET /cart 200 in 1516ms
 GET /cart 200 in 105ms
 GET /cart 200 in 114ms
 GET /cart 200 in 88ms
 ✓ Compiled / in 97ms
 GET / 200 in 1011ms
 GET / 200 in 514ms
 ○ Compiling /product/[id] ...
 ✓ Compiled /product/[id] in 904ms
 GET /product/bb6ec0d2-2490-47d2-b65a-b7e23342db1f 200 in 1595ms
 GET / 200 in 831ms
[?25h

> yeezuz2020-store@0.1.0 dev /Users/jangajdos/Projects/yeezuz2020.store/frontend
> next dev --turbopack

 ⚠ Found lockfile missing swc dependencies, patching...
   ▲ Next.js 15.3.0 (Turbopack)
   - Local:        http://localhost:3000
   - Network:      http://172.20.10.2:3000
   - Environments: .env.local

 ✓ Starting...
 ✓ Ready in 1057ms
 ⚠ Lockfile was successfully patched, please run "npm install" to ensure @next/swc dependencies are downloaded
 ○ Compiling / ...
 ✓ Compiled / in 5s
 GET / 200 in 6990ms
 GET / 200 in 7119ms
 GET / 200 in 7003ms
 ○ Compiling /favicon.ico ...
 GET / 200 in 2950ms
 GET /favicon.ico?favicon.45db1c09.ico 200 in 14189ms
 ✓ Compiled /favicon.ico in 16.8s
 GET /product/da8baee5-ca5c-4895-a598-273f7038e134 200 in 1690ms
 GET / 200 in 520ms
 GET /product/da8baee5-ca5c-4895-a598-273f7038e134 200 in 6792ms
 GET /product/da8baee5-ca5c-4895-a598-273f7038e134 200 in 543ms
[?25h

> yeezuz2020-store@0.1.0 dev /Users/jangajdos/Projects/yeezuz2020.store/frontend
> next dev --turbopack

   ▲ Next.js 15.3.0 (Turbopack)
   - Local:        http://localhost:3000
   - Network:      http://172.20.10.2:3000
   - Environments: .env.local

 ✓ Starting...
 ✓ Ready in 961ms
 ○ Compiling / ...
 ✓ Compiled / in 2.3s
Error fetching products (attempt 1/3): HTTP 500: Internal Server Error
Error fetching products (attempt 2/3): HTTP 500: Internal Server Error
Error fetching products (attempt 3/3): HTTP 500: Internal Server Error
Failed to fetch products after all retries: Error: HTTP 500: Internal Server Error
    at getProducts (src/app/page.tsx:17:14)
    at async Home (src/app/page.tsx:41:19)
  15 |
  16 |       if (!response.ok) {
> 17 |         throw new Error(`HTTP ${response.status}: ${response.statusText}`);
     |              ^
  18 |       }
  19 |
  20 |       return await response.json();
 GET / 200 in 5790ms
[?25h

> frontend@0.1.0 dev /Users/jangajdos/Projects/yeezuz2020.store/frontend
> next dev --turbopack

   ▲ Next.js 15.3.0 (Turbopack)
   - Local:        http://localhost:3000
   - Network:      http://172.20.10.2:3000
   - Environments: .env.local

 ✓ Starting...
 ✓ Ready in 1131ms
 ○ Compiling / ...
 ✓ Compiled / in 2.8s
Error fetching products (attempt 1/3): HTTP 500: Internal Server Error
Error fetching products (attempt 2/3): HTTP 500: Internal Server Error
Error fetching products (attempt 3/3): HTTP 500: Internal Server Error
Failed to fetch products after all retries: Error: HTTP 500: Internal Server Error
    at getProducts (src/app/page.tsx:17:14)
    at async Home (src/app/page.tsx:41:19)
  15 |
  16 |       if (!response.ok) {
> 17 |         throw new Error(`HTTP ${response.status}: ${response.statusText}`);
     |              ^
  18 |       }
  19 |
  20 |       return await response.json();
 GET / 200 in 6430ms
 ○ Compiling /favicon.ico ...
 ✓ Compiled /favicon.ico in 600ms
 GET /favicon.ico?favicon.45db1c09.ico 200 in 887ms
Error fetching products (attempt 1/3): HTTP 500: Internal Server Error
Error fetching products (attempt 2/3): HTTP 500: Internal Server Error
Error fetching products (attempt 3/3): HTTP 500: Internal Server Error
Failed to fetch products after all retries: Error: HTTP 500: Internal Server Error
    at getProducts (src/app/page.tsx:17:14)
    at async Home (src/app/page.tsx:41:19)
  15 |
  16 |       if (!response.ok) {
> 17 |         throw new Error(`HTTP ${response.status}: ${response.statusText}`);
     |              ^
  18 |       }
  19 |
  20 |       return await response.json();
 GET / 200 in 3184ms
 GET /favicon.ico?favicon.45db1c09.ico 200 in 246ms
 GET / 200 in 2103ms
 GET / 200 in 510ms
 ○ Compiling /product/[id] ...
 ✓ Compiled /product/[id] in 1415ms
 GET /product/da8baee5-ca5c-4895-a598-273f7038e134 200 in 4983ms
 ○ Compiling /cart ...
 ✓ Compiled /cart in 1395ms
 GET /cart 200 in 1434ms
🔑 Stripe key: pk_test_51Q3rVNECICP...
 GET /cart? 200 in 232ms
 ○ Compiling /success ...
 ✓ Compiled /success in 1374ms
 GET /success?payment_intent=pi_test_123 200 in 1570ms
 ✓ Compiled in 422ms
 ✓ Compiled in 279ms
 ✓ Compiled in 129ms
 ✓ Compiled in 145ms
 ✓ Compiled in 246ms
 ✓ Compiled in 678ms
 ○ Compiling /_not-found/page ...
 ✓ Compiled /_not-found/page in 3.5s
 GET /api/orders/pi_test_123?token=pi_test_123 404 in 3816ms
 ✓ Compiled in 283ms
 ✓ Compiled in 324ms
 GET /api/orders/pi_test_123?token=pi_test_123 404 in 143ms
 GET /success?payment_intent=pi_test_123 200 in 581ms
 GET /api/orders/pi_test_123?token=pi_test_123 404 in 131ms
 GET /favicon.ico?favicon.45db1c09.ico 200 in 237ms
Error fetching products (attempt 1/3): fetch failed
Error fetching products (attempt 2/3): fetch failed
Error fetching products (attempt 3/3): fetch failed
Failed to fetch products after all retries: TypeError: fetch failed
    at async getProducts (src/app/page.tsx:11:23)
    at async Home (src/app/page.tsx:41:19)
   9 |   for (let attempt = 1; attempt <= maxRetries; attempt++) {
  10 |     try {
> 11 |       const response = await fetch(`${process.env.NEXT_PUBLIC_ADMIN_API_URL}/api/products`, {
     |                       ^
  12 |         cache: "no-store",
  13 |         signal: AbortSignal.timeout(10000), // 10s timeout
  14 |       }); {
  [cause]: [AggregateError: ] { code: 'ECONNREFUSED' }
}
 GET / 200 in 3235ms
 GET /.well-known/appspecific/com.chrome.devtools.json 404 in 76ms
Error fetching products (attempt 1/3): fetch failed
Error fetching products (attempt 2/3): fetch failed
Error fetching products (attempt 3/3): fetch failed
Failed to fetch products after all retries: TypeError: fetch failed
    at async getProducts (src/app/page.tsx:11:23)
    at async Home (src/app/page.tsx:41:19)
   9 |   for (let attempt = 1; attempt <= maxRetries; attempt++) {
  10 |     try {
> 11 |       const response = await fetch(`${process.env.NEXT_PUBLIC_ADMIN_API_URL}/api/products`, {
     |                       ^
  12 |         cache: "no-store",
  13 |         signal: AbortSignal.timeout(10000), // 10s timeout
  14 |       }); {
  [cause]: [AggregateError: ] { code: 'ECONNREFUSED' }
}
 GET / 200 in 3282ms
 GET /favicon.ico?favicon.45db1c09.ico 200 in 242ms
[?25h

> frontend@0.1.0 dev /Users/jangajdos/Projects/yeezuz2020.store/frontend
> next dev --turbopack

   ▲ Next.js 15.3.0 (Turbopack)
   - Local:        http://localhost:3000
   - Network:      http://172.20.10.2:3000
   - Environments: .env.local

 ✓ Starting...
 ✓ Ready in 1276ms
 ○ Compiling / ...
 ✓ Compiled / in 3.4s
 GET / 200 in 5786ms
 ○ Compiling /favicon.ico ...
 ✓ Compiled /favicon.ico in 764ms
 GET /favicon.ico?favicon.45db1c09.ico 200 in 1044ms
 ○ Compiling /cart ...
 ✓ Compiled /cart in 1302ms
 GET /cart 200 in 1349ms
🔑 Stripe key: pk_test_51Q3rVNECICP...
 GET /cart 200 in 207ms
 GET /favicon.ico?favicon.45db1c09.ico 200 in 243ms
[?25h

> frontend@0.1.0 dev /Users/jangajdos/Projects/yeezuz2020.store/frontend
> next dev --turbopack

   ▲ Next.js 15.3.0 (Turbopack)
   - Local:        http://localhost:3000
   - Network:      http://172.20.10.2:3000
   - Environments: .env.local

 ✓ Starting...
 ✓ Ready in 1225ms
 ○ Compiling / ...
 ✓ Compiled / in 3.3s
 GET / 200 in 6313ms
 ○ Compiling /product/[id] ...
 ✓ Compiled /product/[id] in 946ms
 GET /product/da8baee5-ca5c-4895-a598-273f7038e134 200 in 4189ms
 ○ Compiling /cart ...
 ✓ Compiled /cart in 1519ms
 GET /cart 200 in 1582ms
 ✓ Compiled in 720ms
 ○ Compiling /_not-found/page ...
 ✓ Compiled /_not-found/page in 6.2s
 GET /.well-known/appspecific/com.chrome.devtools.json 404 in 6894ms
 ✓ Compiled in 883ms
🔑 Stripe key: pk_test_51Q3rVNECICP...
 GET /cart 200 in 679ms
 ○ Compiling /favicon.ico ...
 ✓ Compiled /favicon.ico in 832ms
 GET /favicon.ico?favicon.45db1c09.ico 200 in 1108ms
 ✓ Compiled in 334ms
 GET / 200 in 2100ms
 GET / 200 in 2117ms
 GET / 200 in 11071ms
 GET /product/da8baee5-ca5c-4895-a598-273f7038e134 200 in 9278ms
 GET /product/da8baee5-ca5c-4895-a598-273f7038e134 200 in 9372ms
 GET / 200 in 808ms
 GET / 200 in 1453ms
 GET / 200 in 1836ms
 GET /product/da8baee5-ca5c-4895-a598-273f7038e134 200 in 10868ms
 GET /product/da8baee5-ca5c-4895-a598-273f7038e134 200 in 10559ms
 GET /product/da8baee5-ca5c-4895-a598-273f7038e134 200 in 6476ms
 GET / 200 in 2242ms
 GET /favicon.ico?favicon.45db1c09.ico 200 in 1571ms
 GET /product/da8baee5-ca5c-4895-a598-273f7038e134 200 in 977ms
 GET / 200 in 719ms
 GET /product/da8baee5-ca5c-4895-a598-273f7038e134 200 in 961ms
 GET / 200 in 65ms
 GET / 200 in 431ms
 GET /favicon.ico?favicon.45db1c09.ico 200 in 1201ms
 GET /favicon.ico?favicon.45db1c09.ico 200 in 288ms
 GET / 200 in 2446ms
 GET / 200 in 2447ms
 GET / 200 in 11812ms
 GET /product/da8baee5-ca5c-4895-a598-273f7038e134 200 in 8380ms
 GET /product/da8baee5-ca5c-4895-a598-273f7038e134 200 in 10981ms
 GET /product/da8baee5-ca5c-4895-a598-273f7038e134 200 in 3390ms
 GET / 200 in 839ms
 GET /favicon.ico?favicon.45db1c09.ico 200 in 281ms
 GET / 200 in 776ms
 GET /product/da8baee5-ca5c-4895-a598-273f7038e134 200 in 1420ms
 GET /product/da8baee5-ca5c-4895-a598-273f7038e134 200 in 1179ms
 GET / 200 in 511ms
 GET / 200 in 2127ms
 GET / 200 in 3407ms
 GET / 200 in 12827ms
 GET /product/da8baee5-ca5c-4895-a598-273f7038e134 200 in 11571ms
 GET /product/da8baee5-ca5c-4895-a598-273f7038e134 200 in 10980ms
 GET /product/da8baee5-ca5c-4895-a598-273f7038e134 200 in 6089ms
 GET / 200 in 842ms
 GET /favicon.ico?favicon.45db1c09.ico 200 in 532ms
 GET /favicon.ico?favicon.45db1c09.ico 200 in 539ms
 GET / 200 in 547ms
 GET /product/da8baee5-ca5c-4895-a598-273f7038e134 200 in 1981ms
 GET /product/da8baee5-ca5c-4895-a598-273f7038e134 200 in 1986ms
 GET / 200 in 1063ms
 GET /product/8e29b39d-6c02-4350-a6da-c968a08d9441 200 in 958ms
 GET /cart 200 in 209ms
 GET /.well-known/appspecific/com.chrome.devtools.json 404 in 234ms
 GET /.well-known/appspecific/com.chrome.devtools.json 404 in 546ms
 GET /product/8e29b39d-6c02-4350-a6da-c968a08d9441 200 in 1581ms
 GET /product/8e29b39d-6c02-4350-a6da-c968a08d9441 200 in 2101ms
 GET /product/8e29b39d-6c02-4350-a6da-c968a08d9441 200 in 1380ms
 GET /product/8e29b39d-6c02-4350-a6da-c968a08d9441 200 in 2383ms
 GET /favicon.ico?favicon.45db1c09.ico 200 in 380ms
 GET /favicon.ico?favicon.45db1c09.ico 200 in 390ms
 GET /product/8e29b39d-6c02-4350-a6da-c968a08d9441 200 in 586ms
 GET /product/8e29b39d-6c02-4350-a6da-c968a08d9441 200 in 719ms
 GET /product/8e29b39d-6c02-4350-a6da-c968a08d9441 200 in 946ms
 GET /favicon.ico?favicon.45db1c09.ico 200 in 249ms
🔑 Stripe key: pk_test_51Q3rVNECICP...
 GET /cart 200 in 253ms
 GET /favicon.ico?favicon.45db1c09.ico 200 in 256ms
 GET / 200 in 867ms
 GET /product/da8baee5-ca5c-4895-a598-273f7038e134 200 in 652ms
 GET /cart 200 in 74ms
 ○ Compiling /success ...
 ✓ Compiled /success in 1923ms
 GET /success?payment_intent=pi_3RsCEPECICPYvq5c1QEV1Dcd&payment_intent_client_secret=pi_3RsCEPECICPYvq5c1QEV1Dcd_secret_kKsnwZs5dTzBcidjnOE8fCVHe&redirect_status=succeeded 200 in 2049ms
 GET /api/orders/pi_3RsCEPECICPYvq5c1QEV1Dcd?token=pi_3RsCEPECICPYvq5c1QEV1Dcd 404 in 236ms
[?25h

> frontend@0.1.0 dev /Users/jangajdos/Projects/yeezuz2020.store/frontend
> next dev --turbopack

   ▲ Next.js 15.3.0 (Turbopack)
   - Local:        http://localhost:3000
   - Network:      http://172.20.10.2:3000
   - Environments: .env.local

 ✓ Starting...
 ✓ Ready in 915ms
 ○ Compiling / ...
 ✓ Compiled / in 1537ms
Error fetching products (attempt 1/3): fetch failed
Error fetching products (attempt 2/3): fetch failed
Error fetching products (attempt 3/3): fetch failed
Failed to fetch products after all retries: TypeError: fetch failed
    at async getProducts (src/app/page.tsx:11:23)
    at async Home (src/app/page.tsx:41:19)
   9 |   for (let attempt = 1; attempt <= maxRetries; attempt++) {
  10 |     try {
> 11 |       const response = await fetch(`${process.env.NEXT_PUBLIC_ADMIN_API_URL}/api/products`, {
     |                       ^
  12 |         cache: "no-store",
  13 |         signal: AbortSignal.timeout(10000), // 10s timeout
  14 |       }); {
  [cause]: [AggregateError: ] { code: 'ECONNREFUSED' }
}
 GET / 200 in 4749ms
[?25h

> frontend@0.1.0 dev /Users/jangajdos/Projects/yeezuz2020.store/frontend
> next dev --turbopack

   ▲ Next.js 15.3.0 (Turbopack)
   - Local:        http://localhost:3000
   - Network:      http://172.20.10.2:3000
   - Environments: .env.local

 ✓ Starting...
 ✓ Ready in 957ms
 ○ Compiling / ...
 ✓ Compiled / in 1818ms
 GET / 200 in 3609ms
 ○ Compiling /product/[id] ...
 ✓ Compiled /product/[id] in 1312ms
 GET /product/bb6ec0d2-2490-47d2-b65a-b7e23342db1f 200 in 3579ms
 ○ Compiling /cart ...
 ✓ Compiled /cart in 746ms
 GET /cart 200 in 777ms
Error fetching products (attempt 1/3): fetch failed
Error fetching products (attempt 2/3): fetch failed
Error fetching products (attempt 3/3): fetch failed
Failed to fetch products after all retries: TypeError: fetch failed
    at async getProducts (src/app/page.tsx:11:23)
    at async Home (src/app/page.tsx:41:19)
   9 |   for (let attempt = 1; attempt <= maxRetries; attempt++) {
  10 |     try {
> 11 |       const response = await fetch(`${process.env.NEXT_PUBLIC_ADMIN_API_URL}/api/products`, {
     |                       ^
  12 |         cache: "no-store",
  13 |         signal: AbortSignal.timeout(10000), // 10s timeout
  14 |       }); {
  [cause]: [AggregateError: ] { code: 'ECONNREFUSED' }
}
 GET / 200 in 3379ms
Error fetching products (attempt 1/3): fetch failed
Error fetching products (attempt 2/3): fetch failed
Error fetching products (attempt 3/3): fetch failed
Failed to fetch products after all retries: TypeError: fetch failed
    at async getProducts (src/app/page.tsx:11:23)
    at async Home (src/app/page.tsx:41:19)
   9 |   for (let attempt = 1; attempt <= maxRetries; attempt++) {
  10 |     try {
> 11 |       const response = await fetch(`${process.env.NEXT_PUBLIC_ADMIN_API_URL}/api/products`, {
     |                       ^
  12 |         cache: "no-store",
  13 |         signal: AbortSignal.timeout(10000), // 10s timeout
  14 |       }); {
  [cause]: [AggregateError: ] { code: 'ECONNREFUSED' }
}
 GET / 200 in 3168ms
Error fetching products (attempt 1/3): fetch failed
Error fetching products (attempt 2/3): fetch failed
Error fetching products (attempt 3/3): fetch failed
Failed to fetch products after all retries: TypeError: fetch failed
    at async getProducts (src/app/page.tsx:11:23)
    at async Home (src/app/page.tsx:41:19)
   9 |   for (let attempt = 1; attempt <= maxRetries; attempt++) {
  10 |     try {
> 11 |       const response = await fetch(`${process.env.NEXT_PUBLIC_ADMIN_API_URL}/api/products`, {
     |                       ^
  12 |         cache: "no-store",
  13 |         signal: AbortSignal.timeout(10000), // 10s timeout
  14 |       }); {
  [cause]: [AggregateError: ] { code: 'ECONNREFUSED' }
}
 GET / 200 in 3166ms
🔑 Stripe key: pk_test_51Q3rVNECICP...
 GET /cart 200 in 225ms
 ○ Compiling /favicon.ico ...
 ✓ Compiled /favicon.ico in 1286ms
 GET /favicon.ico?favicon.45db1c09.ico 200 in 1605ms
Error fetching products (attempt 1/3): fetch failed
Error fetching products (attempt 2/3): fetch failed
Error fetching products (attempt 3/3): fetch failed
Failed to fetch products after all retries: TypeError: fetch failed
    at async getProducts (src/app/page.tsx:11:23)
    at async Home (src/app/page.tsx:41:19)
   9 |   for (let attempt = 1; attempt <= maxRetries; attempt++) {
  10 |     try {
> 11 |       const response = await fetch(`${process.env.NEXT_PUBLIC_ADMIN_API_URL}/api/products`, {
     |                       ^
  12 |         cache: "no-store",
  13 |         signal: AbortSignal.timeout(10000), // 10s timeout
  14 |       }); {
  [cause]: [AggregateError: ] { code: 'ECONNREFUSED' }
}
 GET / 200 in 3248ms
[?25h

> frontend@0.1.0 dev /Users/jangajdos/Projects/yeezuz2020.store/frontend
> next dev --turbopack

   ▲ Next.js 15.3.0 (Turbopack)
   - Local:        http://localhost:3000
   - Network:      http://172.20.10.2:3000
   - Environments: .env.local

 ✓ Starting...
 ✓ Ready in 1315ms
 ○ Compiling / ...
 ✓ Compiled / in 3.4s
 GET / 200 in 5563ms
 GET / 200 in 1157ms
 ○ Compiling /product/[id] ...
 ✓ Compiled /product/[id] in 1245ms
 GET /product/bb6ec0d2-2490-47d2-b65a-b7e23342db1f 200 in 4671ms
 ○ Compiling /cart ...
 ✓ Compiled /cart in 1230ms
 GET /cart 200 in 1265ms
 ○ Compiling /success ...
 ✓ Compiled /success in 1185ms
 GET /success?payment_intent=pi_3RsECiECICPYvq5c0tqMW9l0&payment_intent_client_secret=pi_3RsECiECICPYvq5c0tqMW9l0_secret_TtwK6rOMezIudLaXcw8A6c09G&redirect_status=succeeded 200 in 1289ms
 ○ Compiling /_not-found/page ...
 ✓ Compiled /_not-found/page in 1551ms
 GET /api/orders/pi_3RsECiECICPYvq5c0tqMW9l0?token=pi_3RsECiECICPYvq5c0tqMW9l0 404 in 1663ms
 ✓ Compiled in 1059ms
 ✓ Compiled in 530ms
 GET /product/8e29b39d-6c02-4350-a6da-c968a08d9441 500 in 647ms
 ○ Compiling /_error ...
 ✓ Compiled /_error in 5.6s
 ✓ Compiled in 574ms
 ✓ Compiled in 981ms
 ✓ Compiled /success in 37ms
Error: Route "/success" used `searchParams.session_id`. `searchParams` should be awaited before using its properties. Learn more: https://nextjs.org/docs/messages/sync-dynamic-apis
    at SuccessPage (src/app/success/page.tsx:64:47)
  62 |   searchParams: { [key: string]: string | string[] | undefined };
  63 | }) {
> 64 |   const sessionId = Array.isArray(searchParams.session_id) 
     |                                               ^
  65 |     ? searchParams.session_id[0] 
  66 |     : searchParams.session_id ?? null;
  67 |   const paymentIntentId = Array.isArray(searchParams.payment_intent)
Error: Route "/success" used `searchParams.session_id`. `searchParams` should be awaited before using its properties. Learn more: https://nextjs.org/docs/messages/sync-dynamic-apis
    at SuccessPage (src/app/success/page.tsx:66:19)
  64 |   const sessionId = Array.isArray(searchParams.session_id) 
  65 |     ? searchParams.session_id[0] 
> 66 |     : searchParams.session_id ?? null;
     |                   ^
  67 |   const paymentIntentId = Array.isArray(searchParams.payment_intent)
  68 |     ? searchParams.payment_intent[0]
  69 |     : searchParams.payment_intent ?? null;
Error: Route "/success" used `searchParams.payment_intent`. `searchParams` should be awaited before using its properties. Learn more: https://nextjs.org/docs/messages/sync-dynamic-apis
    at SuccessPage (src/app/success/page.tsx:67:53)
  65 |     ? searchParams.session_id[0] 
  66 |     : searchParams.session_id ?? null;
> 67 |   const paymentIntentId = Array.isArray(searchParams.payment_intent)
     |                                                     ^
  68 |     ? searchParams.payment_intent[0]
  69 |     : searchParams.payment_intent ?? null;
  70 |   const accessToken = Array.isArray(searchParams.token)
Error: Route "/success" used `searchParams.payment_intent`. `searchParams` should be awaited before using its properties. Learn more: https://nextjs.org/docs/messages/sync-dynamic-apis
    at SuccessPage (src/app/success/page.tsx:69:19)
  67 |   const paymentIntentId = Array.isArray(searchParams.payment_intent)
  68 |     ? searchParams.payment_intent[0]
> 69 |     : searchParams.payment_intent ?? null;
     |                   ^
  70 |   const accessToken = Array.isArray(searchParams.token)
  71 |     ? searchParams.token[0]
  72 |     : searchParams.token ?? null;
Error: Route "/success" used `searchParams.token`. `searchParams` should be awaited before using its properties. Learn more: https://nextjs.org/docs/messages/sync-dynamic-apis
    at SuccessPage (src/app/success/page.tsx:70:49)
  68 |     ? searchParams.payment_intent[0]
  69 |     : searchParams.payment_intent ?? null;
> 70 |   const accessToken = Array.isArray(searchParams.token)
     |                                                 ^
  71 |     ? searchParams.token[0]
  72 |     : searchParams.token ?? null;
  73 |
Error: Route "/success" used `searchParams.token`. `searchParams` should be awaited before using its properties. Learn more: https://nextjs.org/docs/messages/sync-dynamic-apis
    at SuccessPage (src/app/success/page.tsx:72:19)
  70 |   const accessToken = Array.isArray(searchParams.token)
  71 |     ? searchParams.token[0]
> 72 |     : searchParams.token ?? null;
     |                   ^
  73 |
  74 |   const orderId = accessToken || paymentIntentId || sessionId;
  75 |   
Error fetching order: [TypeError: Failed to parse URL from undefined/api/orders/pi_3RsECiECICPYvq5c0tqMW9l0?token=pi_3RsECiECICPYvq5c0tqMW9l0] {
  [cause]: [TypeError: Invalid URL] {
    code: 'ERR_INVALID_URL',
    input: 'undefined/api/orders/pi_3RsECiECICPYvq5c0tqMW9l0?token=pi_3RsECiECICPYvq5c0tqMW9l0'
  }
}
 GET /success?payment_intent=pi_3RsECiECICPYvq5c0tqMW9l0&payment_intent_client_secret=pi_3RsECiECICPYvq5c0tqMW9l0_secret_TtwK6rOMezIudLaXcw8A6c09G&redirect_status=succeeded 200 in 584ms
Error: Route "/success" used `searchParams.session_id`. `searchParams` should be awaited before using its properties. Learn more: https://nextjs.org/docs/messages/sync-dynamic-apis
    at SuccessPage (src/app/success/page.tsx:64:47)
  62 |   searchParams: { [key: string]: string | string[] | undefined };
  63 | }) {
> 64 |   const sessionId = Array.isArray(searchParams.session_id) 
     |                                               ^
  65 |     ? searchParams.session_id[0] 
  66 |     : searchParams.session_id ?? null;
  67 |   const paymentIntentId = Array.isArray(searchParams.payment_intent)
Error: Route "/success" used `searchParams.session_id`. `searchParams` should be awaited before using its properties. Learn more: https://nextjs.org/docs/messages/sync-dynamic-apis
    at SuccessPage (src/app/success/page.tsx:66:19)
  64 |   const sessionId = Array.isArray(searchParams.session_id) 
  65 |     ? searchParams.session_id[0] 
> 66 |     : searchParams.session_id ?? null;
     |                   ^
  67 |   const paymentIntentId = Array.isArray(searchParams.payment_intent)
  68 |     ? searchParams.payment_intent[0]
  69 |     : searchParams.payment_intent ?? null;
Error: Route "/success" used `searchParams.payment_intent`. `searchParams` should be awaited before using its properties. Learn more: https://nextjs.org/docs/messages/sync-dynamic-apis
    at SuccessPage (src/app/success/page.tsx:67:53)
  65 |     ? searchParams.session_id[0] 
  66 |     : searchParams.session_id ?? null;
> 67 |   const paymentIntentId = Array.isArray(searchParams.payment_intent)
     |                                                     ^
  68 |     ? searchParams.payment_intent[0]
  69 |     : searchParams.payment_intent ?? null;
  70 |   const accessToken = Array.isArray(searchParams.token)
Error: Route "/success" used `searchParams.payment_intent`. `searchParams` should be awaited before using its properties. Learn more: https://nextjs.org/docs/messages/sync-dynamic-apis
    at SuccessPage (src/app/success/page.tsx:69:19)
  67 |   const paymentIntentId = Array.isArray(searchParams.payment_intent)
  68 |     ? searchParams.payment_intent[0]
> 69 |     : searchParams.payment_intent ?? null;
     |                   ^
  70 |   const accessToken = Array.isArray(searchParams.token)
  71 |     ? searchParams.token[0]
  72 |     : searchParams.token ?? null;
Error: Route "/success" used `searchParams.token`. `searchParams` should be awaited before using its properties. Learn more: https://nextjs.org/docs/messages/sync-dynamic-apis
    at SuccessPage (src/app/success/page.tsx:70:49)
  68 |     ? searchParams.payment_intent[0]
  69 |     : searchParams.payment_intent ?? null;
> 70 |   const accessToken = Array.isArray(searchParams.token)
     |                                                 ^
  71 |     ? searchParams.token[0]
  72 |     : searchParams.token ?? null;
  73 |
Error: Route "/success" used `searchParams.token`. `searchParams` should be awaited before using its properties. Learn more: https://nextjs.org/docs/messages/sync-dynamic-apis
    at SuccessPage (src/app/success/page.tsx:72:19)
  70 |   const accessToken = Array.isArray(searchParams.token)
  71 |     ? searchParams.token[0]
> 72 |     : searchParams.token ?? null;
     |                   ^
  73 |
  74 |   const orderId = accessToken || paymentIntentId || sessionId;
  75 |   
Error fetching order: [TypeError: Failed to parse URL from undefined/api/orders/pi_3RsECiECICPYvq5c0tqMW9l0?token=pi_3RsECiECICPYvq5c0tqMW9l0] {
  [cause]: [TypeError: Invalid URL] {
    code: 'ERR_INVALID_URL',
    input: 'undefined/api/orders/pi_3RsECiECICPYvq5c0tqMW9l0?token=pi_3RsECiECICPYvq5c0tqMW9l0'
  }
}
 GET /success?payment_intent=pi_3RsECiECICPYvq5c0tqMW9l0&payment_intent_client_secret=pi_3RsECiECICPYvq5c0tqMW9l0_secret_TtwK6rOMezIudLaXcw8A6c09G&redirect_status=succeeded 200 in 448ms
Error: Route "/success" used `searchParams.session_id`. `searchParams` should be awaited before using its properties. Learn more: https://nextjs.org/docs/messages/sync-dynamic-apis
    at SuccessPage (src/app/success/page.tsx:64:47)
  62 |   searchParams: { [key: string]: string | string[] | undefined };
  63 | }) {
> 64 |   const sessionId = Array.isArray(searchParams.session_id) 
     |                                               ^
  65 |     ? searchParams.session_id[0] 
  66 |     : searchParams.session_id ?? null;
  67 |   const paymentIntentId = Array.isArray(searchParams.payment_intent)
Error: Route "/success" used `searchParams.session_id`. `searchParams` should be awaited before using its properties. Learn more: https://nextjs.org/docs/messages/sync-dynamic-apis
    at SuccessPage (src/app/success/page.tsx:66:19)
  64 |   const sessionId = Array.isArray(searchParams.session_id) 
  65 |     ? searchParams.session_id[0] 
> 66 |     : searchParams.session_id ?? null;
     |                   ^
  67 |   const paymentIntentId = Array.isArray(searchParams.payment_intent)
  68 |     ? searchParams.payment_intent[0]
  69 |     : searchParams.payment_intent ?? null;
Error: Route "/success" used `searchParams.payment_intent`. `searchParams` should be awaited before using its properties. Learn more: https://nextjs.org/docs/messages/sync-dynamic-apis
    at SuccessPage (src/app/success/page.tsx:67:53)
  65 |     ? searchParams.session_id[0] 
  66 |     : searchParams.session_id ?? null;
> 67 |   const paymentIntentId = Array.isArray(searchParams.payment_intent)
     |                                                     ^
  68 |     ? searchParams.payment_intent[0]
  69 |     : searchParams.payment_intent ?? null;
  70 |   const accessToken = Array.isArray(searchParams.token)
Error: Route "/success" used `searchParams.payment_intent`. `searchParams` should be awaited before using its properties. Learn more: https://nextjs.org/docs/messages/sync-dynamic-apis
    at SuccessPage (src/app/success/page.tsx:69:19)
  67 |   const paymentIntentId = Array.isArray(searchParams.payment_intent)
  68 |     ? searchParams.payment_intent[0]
> 69 |     : searchParams.payment_intent ?? null;
     |                   ^
  70 |   const accessToken = Array.isArray(searchParams.token)
  71 |     ? searchParams.token[0]
  72 |     : searchParams.token ?? null;
Error: Route "/success" used `searchParams.token`. `searchParams` should be awaited before using its properties. Learn more: https://nextjs.org/docs/messages/sync-dynamic-apis
    at SuccessPage (src/app/success/page.tsx:70:49)
  68 |     ? searchParams.payment_intent[0]
  69 |     : searchParams.payment_intent ?? null;
> 70 |   const accessToken = Array.isArray(searchParams.token)
     |                                                 ^
  71 |     ? searchParams.token[0]
  72 |     : searchParams.token ?? null;
  73 |
Error: Route "/success" used `searchParams.token`. `searchParams` should be awaited before using its properties. Learn more: https://nextjs.org/docs/messages/sync-dynamic-apis
    at SuccessPage (src/app/success/page.tsx:72:19)
  70 |   const accessToken = Array.isArray(searchParams.token)
  71 |     ? searchParams.token[0]
> 72 |     : searchParams.token ?? null;
     |                   ^
  73 |
  74 |   const orderId = accessToken || paymentIntentId || sessionId;
  75 |   
Error fetching order: [TypeError: Failed to parse URL from undefined/api/orders/pi_3RsECiECICPYvq5c0tqMW9l0?token=pi_3RsECiECICPYvq5c0tqMW9l0] {
  [cause]: [TypeError: Invalid URL] {
    code: 'ERR_INVALID_URL',
    input: 'undefined/api/orders/pi_3RsECiECICPYvq5c0tqMW9l0?token=pi_3RsECiECICPYvq5c0tqMW9l0'
  }
}
 GET /success?payment_intent=pi_3RsECiECICPYvq5c0tqMW9l0&payment_intent_client_secret=pi_3RsECiECICPYvq5c0tqMW9l0_secret_TtwK6rOMezIudLaXcw8A6c09G&redirect_status=succeeded 200 in 269ms
Error: Route "/success" used `searchParams.session_id`. `searchParams` should be awaited before using its properties. Learn more: https://nextjs.org/docs/messages/sync-dynamic-apis
    at SuccessPage (src/app/success/page.tsx:64:47)
  62 |   searchParams: { [key: string]: string | string[] | undefined };
  63 | }) {
> 64 |   const sessionId = Array.isArray(searchParams.session_id) 
     |                                               ^
  65 |     ? searchParams.session_id[0] 
  66 |     : searchParams.session_id ?? null;
  67 |   const paymentIntentId = Array.isArray(searchParams.payment_intent)
Error: Route "/success" used `searchParams.session_id`. `searchParams` should be awaited before using its properties. Learn more: https://nextjs.org/docs/messages/sync-dynamic-apis
    at SuccessPage (src/app/success/page.tsx:66:19)
  64 |   const sessionId = Array.isArray(searchParams.session_id) 
  65 |     ? searchParams.session_id[0] 
> 66 |     : searchParams.session_id ?? null;
     |                   ^
  67 |   const paymentIntentId = Array.isArray(searchParams.payment_intent)
  68 |     ? searchParams.payment_intent[0]
  69 |     : searchParams.payment_intent ?? null;
Error: Route "/success" used `searchParams.payment_intent`. `searchParams` should be awaited before using its properties. Learn more: https://nextjs.org/docs/messages/sync-dynamic-apis
    at SuccessPage (src/app/success/page.tsx:67:53)
  65 |     ? searchParams.session_id[0] 
  66 |     : searchParams.session_id ?? null;
> 67 |   const paymentIntentId = Array.isArray(searchParams.payment_intent)
     |                                                     ^
  68 |     ? searchParams.payment_intent[0]
  69 |     : searchParams.payment_intent ?? null;
  70 |   const accessToken = Array.isArray(searchParams.token)
Error: Route "/success" used `searchParams.payment_intent`. `searchParams` should be awaited before using its properties. Learn more: https://nextjs.org/docs/messages/sync-dynamic-apis
    at SuccessPage (src/app/success/page.tsx:69:19)
  67 |   const paymentIntentId = Array.isArray(searchParams.payment_intent)
  68 |     ? searchParams.payment_intent[0]
> 69 |     : searchParams.payment_intent ?? null;
     |                   ^
  70 |   const accessToken = Array.isArray(searchParams.token)
  71 |     ? searchParams.token[0]
  72 |     : searchParams.token ?? null;
Error: Route "/success" used `searchParams.token`. `searchParams` should be awaited before using its properties. Learn more: https://nextjs.org/docs/messages/sync-dynamic-apis
    at SuccessPage (src/app/success/page.tsx:70:49)
  68 |     ? searchParams.payment_intent[0]
  69 |     : searchParams.payment_intent ?? null;
> 70 |   const accessToken = Array.isArray(searchParams.token)
     |                                                 ^
  71 |     ? searchParams.token[0]
  72 |     : searchParams.token ?? null;
  73 |
Error: Route "/success" used `searchParams.token`. `searchParams` should be awaited before using its properties. Learn more: https://nextjs.org/docs/messages/sync-dynamic-apis
    at SuccessPage (src/app/success/page.tsx:72:19)
  70 |   const accessToken = Array.isArray(searchParams.token)
  71 |     ? searchParams.token[0]
> 72 |     : searchParams.token ?? null;
     |                   ^
  73 |
  74 |   const orderId = accessToken || paymentIntentId || sessionId;
  75 |   
Error fetching order: [TypeError: Failed to parse URL from undefined/api/orders/pi_3RsECiECICPYvq5c0tqMW9l0?token=pi_3RsECiECICPYvq5c0tqMW9l0] {
  [cause]: [TypeError: Invalid URL] {
    code: 'ERR_INVALID_URL',
    input: 'undefined/api/orders/pi_3RsECiECICPYvq5c0tqMW9l0?token=pi_3RsECiECICPYvq5c0tqMW9l0'
  }
}
 GET /success?payment_intent=pi_3RsECiECICPYvq5c0tqMW9l0&payment_intent_client_secret=pi_3RsECiECICPYvq5c0tqMW9l0_secret_TtwK6rOMezIudLaXcw8A6c09G&redirect_status=succeeded 200 in 237ms
Error: Route "/success" used `searchParams.session_id`. `searchParams` should be awaited before using its properties. Learn more: https://nextjs.org/docs/messages/sync-dynamic-apis
    at SuccessPage (src/app/success/page.tsx:64:47)
  62 |   searchParams: { [key: string]: string | string[] | undefined };
  63 | }) {
> 64 |   const sessionId = Array.isArray(searchParams.session_id) 
     |                                               ^
  65 |     ? searchParams.session_id[0] 
  66 |     : searchParams.session_id ?? null;
  67 |   const paymentIntentId = Array.isArray(searchParams.payment_intent)
Error: Route "/success" used `searchParams.session_id`. `searchParams` should be awaited before using its properties. Learn more: https://nextjs.org/docs/messages/sync-dynamic-apis
    at SuccessPage (src/app/success/page.tsx:66:19)
  64 |   const sessionId = Array.isArray(searchParams.session_id) 
  65 |     ? searchParams.session_id[0] 
> 66 |     : searchParams.session_id ?? null;
     |                   ^
  67 |   const paymentIntentId = Array.isArray(searchParams.payment_intent)
  68 |     ? searchParams.payment_intent[0]
  69 |     : searchParams.payment_intent ?? null;
Error: Route "/success" used `searchParams.payment_intent`. `searchParams` should be awaited before using its properties. Learn more: https://nextjs.org/docs/messages/sync-dynamic-apis
    at SuccessPage (src/app/success/page.tsx:67:53)
  65 |     ? searchParams.session_id[0] 
  66 |     : searchParams.session_id ?? null;
> 67 |   const paymentIntentId = Array.isArray(searchParams.payment_intent)
     |                                                     ^
  68 |     ? searchParams.payment_intent[0]
  69 |     : searchParams.payment_intent ?? null;
  70 |   const accessToken = Array.isArray(searchParams.token)
Error: Route "/success" used `searchParams.payment_intent`. `searchParams` should be awaited before using its properties. Learn more: https://nextjs.org/docs/messages/sync-dynamic-apis
    at SuccessPage (src/app/success/page.tsx:69:19)
  67 |   const paymentIntentId = Array.isArray(searchParams.payment_intent)
  68 |     ? searchParams.payment_intent[0]
> 69 |     : searchParams.payment_intent ?? null;
     |                   ^
  70 |   const accessToken = Array.isArray(searchParams.token)
  71 |     ? searchParams.token[0]
  72 |     : searchParams.token ?? null;
Error: Route "/success" used `searchParams.token`. `searchParams` should be awaited before using its properties. Learn more: https://nextjs.org/docs/messages/sync-dynamic-apis
    at SuccessPage (src/app/success/page.tsx:70:49)
  68 |     ? searchParams.payment_intent[0]
  69 |     : searchParams.payment_intent ?? null;
> 70 |   const accessToken = Array.isArray(searchParams.token)
     |                                                 ^
  71 |     ? searchParams.token[0]
  72 |     : searchParams.token ?? null;
  73 |
Error: Route "/success" used `searchParams.token`. `searchParams` should be awaited before using its properties. Learn more: https://nextjs.org/docs/messages/sync-dynamic-apis
    at SuccessPage (src/app/success/page.tsx:72:19)
  70 |   const accessToken = Array.isArray(searchParams.token)
  71 |     ? searchParams.token[0]
> 72 |     : searchParams.token ?? null;
     |                   ^
  73 |
  74 |   const orderId = accessToken || paymentIntentId || sessionId;
  75 |   
Error fetching order: [TypeError: Failed to parse URL from undefined/api/orders/pi_3RsECiECICPYvq5c0tqMW9l0?token=pi_3RsECiECICPYvq5c0tqMW9l0] {
  [cause]: [TypeError: Invalid URL] {
    code: 'ERR_INVALID_URL',
    input: 'undefined/api/orders/pi_3RsECiECICPYvq5c0tqMW9l0?token=pi_3RsECiECICPYvq5c0tqMW9l0'
  }
}
 ✓ Compiled in 246ms
 GET /success?payment_intent=pi_3RsECiECICPYvq5c0tqMW9l0&payment_intent_client_secret=pi_3RsECiECICPYvq5c0tqMW9l0_secret_TtwK6rOMezIudLaXcw8A6c09G&redirect_status=succeeded 200 in 113ms
[?25h

> frontend@0.1.0 dev /Users/jangajdos/Projects/yeezuz2020.store/frontend
> next dev --turbopack

   ▲ Next.js 15.3.0 (Turbopack)
   - Local:        http://localhost:3000
   - Network:      http://172.20.10.2:3000
   - Environments: .env.local

 ✓ Starting...
 ✓ Ready in 1295ms
 ○ Compiling /cart ...
 ✓ Compiled /cart in 4.6s
🔑 Stripe key: pk_test_51Q3rVNECICP...
 GET /cart 200 in 5671ms
 GET / 200 in 3707ms
 ○ Compiling /favicon.ico ...
 ✓ Compiled /favicon.ico in 747ms
 GET /favicon.ico?favicon.45db1c09.ico 200 in 1010ms
 GET / 200 in 727ms
 ○ Compiling /product/[slug] ...
 ✓ Compiled /product/[slug] in 1246ms
Error: Route "/product/[slug]" used `params.slug`. `params` should be awaited before using its properties. Learn more: https://nextjs.org/docs/messages/sync-dynamic-apis
    at ProductPage (src/app/product/[slug]/page.tsx:127:10)
  125 |
  126 | export default async function ProductPage({ params }: ProductPageProps) {
> 127 |   const { slug } = params;
      |          ^
  128 |   const product = await getProduct(slug);
  129 |
  130 |   if (!product) {
 GET /product/labute-ss6-rhinestone-crystal-t-shirt 200 in 4771ms
Error: Route "/product/[slug]" used `params.slug`. `params` should be awaited before using its properties. Learn more: https://nextjs.org/docs/messages/sync-dynamic-apis
    at ProductPage (src/app/product/[slug]/page.tsx:127:10)
  125 |
  126 | export default async function ProductPage({ params }: ProductPageProps) {
> 127 |   const { slug } = params;
      |          ^
  128 |   const product = await getProduct(slug);
  129 |
  130 |   if (!product) {
 GET /product/labute-track-top-hoodie 200 in 822ms
 ○ Compiling /_not-found/page ...
 ✓ Compiled /_not-found/page in 1211ms
 GET /products/bb6ec0d2-2490-47d2-b65a-b7e23342db1f 404 in 1250ms
 GET /products/bb6ec0d2-2490-47d2-b65a-b7e23342db1f 404 in 174ms
Error: Route "/product/[slug]" used `params.slug`. `params` should be awaited before using its properties. Learn more: https://nextjs.org/docs/messages/sync-dynamic-apis
    at ProductPage (src/app/product/[slug]/page.tsx:127:10)
  125 |
  126 | export default async function ProductPage({ params }: ProductPageProps) {
> 127 |   const { slug } = params;
      |          ^
  128 |   const product = await getProduct(slug);
  129 |
  130 |   if (!product) {
 GET /product/labute-track-top-hoodie 200 in 1107ms
 ✓ Compiled /product/[slug] in 25ms
Error: Route "/product/[slug]" used `params.slug`. `params` should be awaited before using its properties. Learn more: https://nextjs.org/docs/messages/sync-dynamic-apis
    at ProductPage (src/app/product/[slug]/page.tsx:127:10)
  125 |
  126 | export default async function ProductPage({ params }: ProductPageProps) {
> 127 |   const { slug } = params;
      |          ^
  128 |   const product = await getProduct(slug);
  129 |
  130 |   if (!product) {
 GET /product/labute-track-top-hoodie 200 in 371ms
 ✓ Compiled in 406ms
 ✓ Compiled /product/[slug] in 81ms
Error: Route "/product/[slug]" used `params.slug`. `params` should be awaited before using its properties. Learn more: https://nextjs.org/docs/messages/sync-dynamic-apis
    at ProductPage (src/app/product/[slug]/page.tsx:127:10)
  125 |
  126 | export default async function ProductPage({ params }: ProductPageProps) {
> 127 |   const { slug } = params;
      |          ^
  128 |   const product = await getProduct(slug);
  129 |
  130 |   if (!product) {
 GET /product/labute-track-top-hoodie 200 in 323ms
 ○ Compiling /success ...
 ✓ Compiled /success in 1540ms
Error: Route "/success" used `searchParams.session_id`. `searchParams` should be awaited before using its properties. Learn more: https://nextjs.org/docs/messages/sync-dynamic-apis
    at SuccessPage (src/app/success/page.tsx:64:47)
  62 |   searchParams: { [key: string]: string | string[] | undefined };
  63 | }) {
> 64 |   const sessionId = Array.isArray(searchParams.session_id) 
     |                                               ^
  65 |     ? searchParams.session_id[0] 
  66 |     : searchParams.session_id ?? null;
  67 |   const paymentIntentId = Array.isArray(searchParams.payment_intent)
Error: Route "/success" used `searchParams.session_id`. `searchParams` should be awaited before using its properties. Learn more: https://nextjs.org/docs/messages/sync-dynamic-apis
    at SuccessPage (src/app/success/page.tsx:66:19)
  64 |   const sessionId = Array.isArray(searchParams.session_id) 
  65 |     ? searchParams.session_id[0] 
> 66 |     : searchParams.session_id ?? null;
     |                   ^
  67 |   const paymentIntentId = Array.isArray(searchParams.payment_intent)
  68 |     ? searchParams.payment_intent[0]
  69 |     : searchParams.payment_intent ?? null;
Error: Route "/success" used `searchParams.payment_intent`. `searchParams` should be awaited before using its properties. Learn more: https://nextjs.org/docs/messages/sync-dynamic-apis
    at SuccessPage (src/app/success/page.tsx:67:53)
  65 |     ? searchParams.session_id[0] 
  66 |     : searchParams.session_id ?? null;
> 67 |   const paymentIntentId = Array.isArray(searchParams.payment_intent)
     |                                                     ^
  68 |     ? searchParams.payment_intent[0]
  69 |     : searchParams.payment_intent ?? null;
  70 |   const accessToken = Array.isArray(searchParams.token)
Error: Route "/success" used `searchParams.payment_intent`. `searchParams` should be awaited before using its properties. Learn more: https://nextjs.org/docs/messages/sync-dynamic-apis
    at SuccessPage (src/app/success/page.tsx:69:19)
  67 |   const paymentIntentId = Array.isArray(searchParams.payment_intent)
  68 |     ? searchParams.payment_intent[0]
> 69 |     : searchParams.payment_intent ?? null;
     |                   ^
  70 |   const accessToken = Array.isArray(searchParams.token)
  71 |     ? searchParams.token[0]
  72 |     : searchParams.token ?? null;
Error: Route "/success" used `searchParams.token`. `searchParams` should be awaited before using its properties. Learn more: https://nextjs.org/docs/messages/sync-dynamic-apis
    at SuccessPage (src/app/success/page.tsx:70:49)
  68 |     ? searchParams.payment_intent[0]
  69 |     : searchParams.payment_intent ?? null;
> 70 |   const accessToken = Array.isArray(searchParams.token)
     |                                                 ^
  71 |     ? searchParams.token[0]
  72 |     : searchParams.token ?? null;
  73 |
Error: Route "/success" used `searchParams.token`. `searchParams` should be awaited before using its properties. Learn more: https://nextjs.org/docs/messages/sync-dynamic-apis
    at SuccessPage (src/app/success/page.tsx:72:19)
  70 |   const accessToken = Array.isArray(searchParams.token)
  71 |     ? searchParams.token[0]
> 72 |     : searchParams.token ?? null;
     |                   ^
  73 |
  74 |   const orderId = accessToken || paymentIntentId || sessionId;
  75 |   
Error fetching order: [TypeError: Failed to parse URL from undefined/api/orders/pi_3RsECiECICPYvq5c0tqMW9l0?token=pi_3RsECiECICPYvq5c0tqMW9l0] {
  [cause]: [TypeError: Invalid URL] {
    code: 'ERR_INVALID_URL',
    input: 'undefined/api/orders/pi_3RsECiECICPYvq5c0tqMW9l0?token=pi_3RsECiECICPYvq5c0tqMW9l0'
  }
}
 GET /success?payment_intent=pi_3RsECiECICPYvq5c0tqMW9l0&payment_intent_client_secret=pi_3RsECiECICPYvq5c0tqMW9l0_secret_TtwK6rOMezIudLaXcw8A6c09G&redirect_status=succeeded 200 in 1879ms
 GET / 200 in 2054ms
[?25h

> frontend@0.1.0 dev /Users/jangajdos/Projects/yeezuz2020.store/frontend
> next dev --turbopack

   ▲ Next.js 15.3.0 (Turbopack)
   - Local:        http://localhost:3000
   - Network:      http://192.168.0.100:3000
   - Environments: .env.local

 ✓ Starting...
 ✓ Ready in 946ms
 ○ Compiling / ...
 ✓ Compiled / in 1572ms
 GET / 200 in 3176ms
 ○ Compiling /product/[slug] ...
 ✓ Compiled /product/[slug] in 646ms
Error: Route "/product/[slug]" used `params.slug`. `params` should be awaited before using its properties. Learn more: https://nextjs.org/docs/messages/sync-dynamic-apis
    at ProductPage (src/app/product/[slug]/page.tsx:127:10)
  125 |
  126 | export default async function ProductPage({ params }: ProductPageProps) {
> 127 |   const { slug } = params;
      |          ^
  128 |   const product = await getProduct(slug);
  129 |
  130 |   if (!product) {
 GET /product/labute-ss6-rhinestone-crystal-tie 200 in 3024ms
 GET / 200 in 340ms
Error: Route "/product/[slug]" used `params.slug`. `params` should be awaited before using its properties. Learn more: https://nextjs.org/docs/messages/sync-dynamic-apis
    at ProductPage (src/app/product/[slug]/page.tsx:127:10)
  125 |
  126 | export default async function ProductPage({ params }: ProductPageProps) {
> 127 |   const { slug } = params;
      |          ^
  128 |   const product = await getProduct(slug);
  129 |
  130 |   if (!product) {
 GET /product/labute-ss6-rhinestone-crystal-tie 200 in 542ms
 ✓ Compiled in 293ms
 ✓ Compiled in 332ms
 ✓ Compiled in 168ms
 ✓ Compiled in 202ms
 ✓ Compiled /product/[slug] in 57ms
Error: Route "/product/[slug]" used `params.slug`. `params` should be awaited before using its properties. Learn more: https://nextjs.org/docs/messages/sync-dynamic-apis
    at ProductPage (src/app/product/[slug]/page.tsx:127:10)
  125 |
  126 | export default async function ProductPage({ params }: ProductPageProps) {
> 127 |   const { slug } = params;
      |          ^
  128 |   const product = await getProduct(slug);
  129 |
  130 |   if (!product) {
 GET /product/labute-ss6-rhinestone-crystal-tie 200 in 309ms
Error: Route "/product/[slug]" used `params.slug`. `params` should be awaited before using its properties. Learn more: https://nextjs.org/docs/messages/sync-dynamic-apis
    at ProductPage (src/app/product/[slug]/page.tsx:127:10)
  125 |
  126 | export default async function ProductPage({ params }: ProductPageProps) {
> 127 |   const { slug } = params;
      |          ^
  128 |   const product = await getProduct(slug);
  129 |
  130 |   if (!product) {
 GET /product/labute-ss6-rhinestone-crystal-tie 200 in 557ms
 ✓ Compiled /product/[slug] in 29ms
Error: Route "/product/[slug]" used `params.slug`. `params` should be awaited before using its properties. Learn more: https://nextjs.org/docs/messages/sync-dynamic-apis
    at ProductPage (src/app/product/[slug]/page.tsx:127:10)
  125 |
  126 | export default async function ProductPage({ params }: ProductPageProps) {
> 127 |   const { slug } = params;
      |          ^
  128 |   const product = await getProduct(slug);
  129 |
  130 |   if (!product) {
 GET /product/labute-ss6-rhinestone-crystal-tie 200 in 234ms
 ✓ Compiled /product/[slug] in 17ms
Error: Route "/product/[slug]" used `params.slug`. `params` should be awaited before using its properties. Learn more: https://nextjs.org/docs/messages/sync-dynamic-apis
    at ProductPage (src/app/product/[slug]/page.tsx:127:10)
  125 |
  126 | export default async function ProductPage({ params }: ProductPageProps) {
> 127 |   const { slug } = params;
      |          ^
  128 |   const product = await getProduct(slug);
  129 |
  130 |   if (!product) {
 GET /product/labute-ss6-rhinestone-crystal-tie 200 in 135ms
Error: Route "/product/[slug]" used `params.slug`. `params` should be awaited before using its properties. Learn more: https://nextjs.org/docs/messages/sync-dynamic-apis
    at ProductPage (src/app/product/[slug]/page.tsx:127:10)
  125 |
  126 | export default async function ProductPage({ params }: ProductPageProps) {
> 127 |   const { slug } = params;
      |          ^
  128 |   const product = await getProduct(slug);
  129 |
  130 |   if (!product) {
 GET /product/labute-ss6-rhinestone-crystal-tie 200 in 768ms
 ✓ Compiled /product/[slug] in 21ms
Error: Route "/product/[slug]" used `params.slug`. `params` should be awaited before using its properties. Learn more: https://nextjs.org/docs/messages/sync-dynamic-apis
    at ProductPage (src/app/product/[slug]/page.tsx:127:10)
  125 |
  126 | export default async function ProductPage({ params }: ProductPageProps) {
> 127 |   const { slug } = params;
      |          ^
  128 |   const product = await getProduct(slug);
  129 |
  130 |   if (!product) {
 GET /product/labute-ss6-rhinestone-crystal-tie 200 in 144ms
 ✓ Compiled in 273ms
 ✓ Compiled /product/[slug] in 48ms
Error: Route "/product/[slug]" used `params.slug`. `params` should be awaited before using its properties. Learn more: https://nextjs.org/docs/messages/sync-dynamic-apis
    at ProductPage (src/app/product/[slug]/page.tsx:127:10)
  125 |
  126 | export default async function ProductPage({ params }: ProductPageProps) {
> 127 |   const { slug } = params;
      |          ^
  128 |   const product = await getProduct(slug);
  129 |
  130 |   if (!product) {
 GET /product/labute-ss6-rhinestone-crystal-tie 200 in 244ms
 ✓ Compiled in 201ms
 ✓ Compiled /product/[slug] in 55ms
Error: Route "/product/[slug]" used `params.slug`. `params` should be awaited before using its properties. Learn more: https://nextjs.org/docs/messages/sync-dynamic-apis
    at ProductPage (src/app/product/[slug]/page.tsx:127:10)
  125 |
  126 | export default async function ProductPage({ params }: ProductPageProps) {
> 127 |   const { slug } = params;
      |          ^
  128 |   const product = await getProduct(slug);
  129 |
  130 |   if (!product) {
 GET /product/labute-ss6-rhinestone-crystal-tie 200 in 223ms
 GET / 200 in 290ms
Error: Route "/product/[slug]" used `params.slug`. `params` should be awaited before using its properties. Learn more: https://nextjs.org/docs/messages/sync-dynamic-apis
    at ProductPage (src/app/product/[slug]/page.tsx:127:10)
  125 |
  126 | export default async function ProductPage({ params }: ProductPageProps) {
> 127 |   const { slug } = params;
      |          ^
  128 |   const product = await getProduct(slug);
  129 |
  130 |   if (!product) {
 GET /product/labute-ss6-rhinestone-crystal-t-shirt 200 in 733ms
 GET / 200 in 304ms
Error: Route "/product/[slug]" used `params.slug`. `params` should be awaited before using its properties. Learn more: https://nextjs.org/docs/messages/sync-dynamic-apis
    at ProductPage (src/app/product/[slug]/page.tsx:127:10)
  125 |
  126 | export default async function ProductPage({ params }: ProductPageProps) {
> 127 |   const { slug } = params;
      |          ^
  128 |   const product = await getProduct(slug);
  129 |
  130 |   if (!product) {
 GET /product/labute-track-top-hoodie 200 in 494ms
 GET / 200 in 236ms
[?25h

> frontend@0.1.0 dev /Users/jangajdos/Projects/yeezuz2020.store/frontend
> next dev --turbopack

   ▲ Next.js 15.3.0 (Turbopack)
   - Local:        http://localhost:3000
   - Network:      http://192.168.1.5:3000
   - Environments: .env.local

 ✓ Starting...
 ✓ Ready in 815ms
 ○ Compiling / ...
 ✓ Compiled / in 2.2s
 GET / 200 in 3865ms
 ○ Compiling /product/[slug] ...
 ✓ Compiled /product/[slug] in 1747ms
Error: Route "/product/[slug]" used `params.slug`. `params` should be awaited before using its properties. Learn more: https://nextjs.org/docs/messages/sync-dynamic-apis
    at ProductPage (src/app/product/[slug]/page.tsx:127:10)
  125 |
  126 | export default async function ProductPage({ params }: ProductPageProps) {
> 127 |   const { slug } = params;
      |          ^
  128 |   const product = await getProduct(slug);
  129 |
  130 |   if (!product) {
 GET /product/labute-ss6-rhinestone-crystal-tie 200 in 5691ms
 GET / 200 in 483ms
Error: Route "/product/[slug]" used `params.slug`. `params` should be awaited before using its properties. Learn more: https://nextjs.org/docs/messages/sync-dynamic-apis
    at ProductPage (src/app/product/[slug]/page.tsx:127:10)
  125 |
  126 | export default async function ProductPage({ params }: ProductPageProps) {
> 127 |   const { slug } = params;
      |          ^
  128 |   const product = await getProduct(slug);
  129 |
  130 |   if (!product) {
 GET /product/labute-throwback-polo-t-shirt 200 in 1136ms
 ✓ Compiled in 335ms
 ✓ Compiled in 143ms
Error: Route "/product/[slug]" used `params.slug`. `params` should be awaited before using its properties. Learn more: https://nextjs.org/docs/messages/sync-dynamic-apis
    at ProductPage (src/app/product/[slug]/page.tsx:127:10)
  125 |
  126 | export default async function ProductPage({ params }: ProductPageProps) {
> 127 |   const { slug } = params;
      |          ^
  128 |   const product = await getProduct(slug);
  129 |
  130 |   if (!product) {
 GET /product/labute-ss6-rhinestone-crystal-tie 200 in 998ms
 ✓ Compiled in 230ms
 ✓ Compiled in 191ms
 ✓ Compiled in 241ms
 ✓ Compiled in 334ms
 ✓ Compiled in 158ms
 ✓ Compiled in 169ms
 ✓ Compiled in 196ms
 ✓ Compiled in 130ms
 ✓ Compiled in 225ms
 ✓ Compiled /product/[slug] in 18ms
Error: Route "/product/[slug]" used `params.slug`. `params` should be awaited before using its properties. Learn more: https://nextjs.org/docs/messages/sync-dynamic-apis
    at ProductPage (src/app/product/[slug]/page.tsx:130:10)
  128 |
  129 | export default async function ProductPage({ params }: ProductPageProps) {
> 130 |   const { slug } = params;
      |          ^
  131 |   const product = await getProduct(slug);
  132 |
  133 |   if (!product) {
 GET /product/labute-ss6-rhinestone-crystal-tie 200 in 233ms
Error: Route "/product/[slug]" used `params.slug`. `params` should be awaited before using its properties. Learn more: https://nextjs.org/docs/messages/sync-dynamic-apis
    at ProductPage (src/app/product/[slug]/page.tsx:130:10)
  128 |
  129 | export default async function ProductPage({ params }: ProductPageProps) {
> 130 |   const { slug } = params;
      |          ^
  131 |   const product = await getProduct(slug);
  132 |
  133 |   if (!product) {
 GET /product/labute-ss6-rhinestone-crystal-tie 200 in 47ms
 ✓ Compiled in 295ms
 ✓ Compiled in 80ms
 ✓ Compiled /product/[slug] in 5ms
 ⨯ [Error: ENOENT: no such file or directory, open '/Users/jangajdos/Projects/yeezuz2020.store/frontend/.next/server/app/product/[slug]/page/app-build-manifest.json'] {
  errno: -2,
  code: 'ENOENT',
  syscall: 'open',
  path: '/Users/jangajdos/Projects/yeezuz2020.store/frontend/.next/server/app/product/[slug]/page/app-build-manifest.json'
}
 ○ Compiling /_error ...
 ✓ Compiled /_error in 557ms
 ⨯ [Error: ENOENT: no such file or directory, open '/Users/jangajdos/Projects/yeezuz2020.store/frontend/.next/static/development/_buildManifest.js.tmp.0m6l96efqam'] {
  errno: -2,
  code: 'ENOENT',
  syscall: 'open',
  path: '/Users/jangajdos/Projects/yeezuz2020.store/frontend/.next/static/development/_buildManifest.js.tmp.0m6l96efqam'
}
[Error: ENOENT: no such file or directory, open '/Users/jangajdos/Projects/yeezuz2020.store/frontend/.next/server/app/product/[slug]/page/app-build-manifest.json'] {
  errno: -2,
  code: 'ENOENT',
  syscall: 'open',
  path: '/Users/jangajdos/Projects/yeezuz2020.store/frontend/.next/server/app/product/[slug]/page/app-build-manifest.json'
}
 ⨯ [Error: ENOENT: no such file or directory, open '/Users/jangajdos/Projects/yeezuz2020.store/frontend/.next/static/development/_buildManifest.js.tmp.43hiwswyucz'] {
  errno: -2,
  code: 'ENOENT',
  syscall: 'open',
  path: '/Users/jangajdos/Projects/yeezuz2020.store/frontend/.next/static/development/_buildManifest.js.tmp.43hiwswyucz'
}
[Error: ENOENT: no such file or directory, open '/Users/jangajdos/Projects/yeezuz2020.store/frontend/.next/static/development/_buildManifest.js.tmp.eput6w304q'] {
  errno: -2,
  code: 'ENOENT',
  syscall: 'open',
  path: '/Users/jangajdos/Projects/yeezuz2020.store/frontend/.next/static/development/_buildManifest.js.tmp.eput6w304q'
}
 ⨯ [Error: ENOENT: no such file or directory, open '/Users/jangajdos/Projects/yeezuz2020.store/frontend/.next/server/app/product/[slug]/page/app-build-manifest.json'] {
  errno: -2,
  code: 'ENOENT',
  syscall: 'open',
  path: '/Users/jangajdos/Projects/yeezuz2020.store/frontend/.next/server/app/product/[slug]/page/app-build-manifest.json'
}
 ⨯ [Error: ENOENT: no such file or directory, open '/Users/jangajdos/Projects/yeezuz2020.store/frontend/.next/static/development/_buildManifest.js.tmp.toyuir9tsy'] {
  errno: -2,
  code: 'ENOENT',
  syscall: 'open',
  path: '/Users/jangajdos/Projects/yeezuz2020.store/frontend/.next/static/development/_buildManifest.js.tmp.toyuir9tsy'
}
[Error: ENOENT: no such file or directory, open '/Users/jangajdos/Projects/yeezuz2020.store/frontend/.next/server/app/product/[slug]/page/app-build-manifest.json'] {
  errno: -2,
  code: 'ENOENT',
  syscall: 'open',
  path: '/Users/jangajdos/Projects/yeezuz2020.store/frontend/.next/server/app/product/[slug]/page/app-build-manifest.json'
}
 ⨯ [Error: ENOENT: no such file or directory, open '/Users/jangajdos/Projects/yeezuz2020.store/frontend/.next/static/development/_buildManifest.js.tmp.swhhdukfw2'] {
  errno: -2,
  code: 'ENOENT',
  syscall: 'open',
  path: '/Users/jangajdos/Projects/yeezuz2020.store/frontend/.next/static/development/_buildManifest.js.tmp.swhhdukfw2'
}
[Error: ENOENT: no such file or directory, open '/Users/jangajdos/Projects/yeezuz2020.store/frontend/.next/static/development/_buildManifest.js.tmp.ht26ntni3ml'] {
  errno: -2,
  code: 'ENOENT',
  syscall: 'open',
  path: '/Users/jangajdos/Projects/yeezuz2020.store/frontend/.next/static/development/_buildManifest.js.tmp.ht26ntni3ml'
}
 ✓ Compiled /favicon.ico in 258ms
 ⨯ [Error: ENOENT: no such file or directory, open '/Users/jangajdos/Projects/yeezuz2020.store/frontend/.next/static/development/_buildManifest.js.tmp.ceopcu6fzxh'] {
  errno: -2,
  code: 'ENOENT',
  syscall: 'open',
  path: '/Users/jangajdos/Projects/yeezuz2020.store/frontend/.next/static/development/_buildManifest.js.tmp.ceopcu6fzxh'
}
[?25h

> frontend@0.1.0 dev /Users/jangajdos/Projects/yeezuz2020.store/frontend
> next dev --turbopack

   ▲ Next.js 15.3.0 (Turbopack)
   - Local:        http://localhost:3000
   - Network:      http://192.168.1.5:3000
   - Environments: .env.local

 ✓ Starting...
 ✓ Ready in 776ms
 ○ Compiling / ...
 ✓ Compiled / in 1486ms
 GET / 200 in 2936ms
 ○ Compiling /product/[slug] ...
 ✓ Compiled /product/[slug] in 821ms
 GET /product/labute-ss6-rhinestone-crystal-tie 200 in 3565ms
 ○ Compiling /cart ...
 ✓ Compiled /cart in 653ms
 GET /cart 200 in 677ms
 ○ Compiling /success ...
 ✓ Compiled /success in 1011ms
Error fetching order: [TypeError: Failed to parse URL from undefined/api/orders/pi_3RsFxnECICPYvq5c14A4PFGk?token=pi_3RsFxnECICPYvq5c14A4PFGk] {
  [cause]: [TypeError: Invalid URL] {
    code: 'ERR_INVALID_URL',
    input: 'undefined/api/orders/pi_3RsFxnECICPYvq5c14A4PFGk?token=pi_3RsFxnECICPYvq5c14A4PFGk'
  }
}
 GET /success?payment_intent=pi_3RsFxnECICPYvq5c14A4PFGk&payment_intent_client_secret=pi_3RsFxnECICPYvq5c14A4PFGk_secret_KB2WkLLBsZjbNWW8rufIX3RfU&redirect_status=succeeded 200 in 1145ms
 ✓ Compiled in 162ms
 GET / 200 in 604ms
 GET /product/labute-track-top-hoodie 200 in 566ms
 GET /cart 200 in 156ms
[?25h

> frontend@0.1.0 dev /Users/jangajdos/Projects/yeezuz2020.store/frontend
> next dev --turbopack

   ▲ Next.js 15.3.0 (Turbopack)
   - Local:        http://localhost:3000
   - Network:      http://192.168.1.5:3000
   - Environments: .env.local

 ✓ Starting...
 ✓ Ready in 1016ms
[?25h

> frontend@0.1.0 dev /Users/jangajdos/Projects/yeezuz2020.store/frontend
> next dev --turbopack

   ▲ Next.js 15.3.0 (Turbopack)
   - Local:        http://localhost:3000
   - Network:      http://192.168.1.5:3000
   - Environments: .env.local

 ✓ Starting...
 ✓ Ready in 886ms
[?25h

> frontend@0.1.0 dev /Users/jangajdos/Projects/yeezuz2020.store/frontend
> next dev --turbopack

   ▲ Next.js 15.3.0 (Turbopack)
   - Local:        http://localhost:3000
   - Network:      http://192.168.1.5:3000
   - Environments: .env.local

 ✓ Starting...
 ✓ Ready in 874ms
[?25h

> frontend@0.1.0 dev /Users/jangajdos/Projects/yeezuz2020.store/frontend
> next dev --turbopack

   ▲ Next.js 15.3.0 (Turbopack)
   - Local:        http://localhost:3000
   - Network:      http://192.168.1.5:3000
   - Environments: .env.local

 ✓ Starting...
 ✓ Ready in 785ms
 ○ Compiling / ...
 ✓ Compiled / in 1849ms
 GET / 200 in 3651ms
 ○ Compiling /product/[slug] ...
 ✓ Compiled /product/[slug] in 743ms
 GET /product/labute-ss6-rhinestone-crystal-tie 200 in 2822ms
 GET / 200 in 372ms
 GET / 200 in 419ms
 GET /product/labute-ss6-rhinestone-crystal-tie 200 in 1544ms
 ○ Compiling /cart ...
 ✓ Compiled /cart in 922ms
 GET /cart 200 in 957ms
🔑 Stripe key: pk_test_51Q3rVNECICP...
 GET /cart 200 in 117ms
 ✓ Compiled in 353ms
[?25h

> frontend@0.1.0 dev /Users/jangajdos/Projects/yeezuz2020.store/frontend
> next dev --turbopack

   ▲ Next.js 15.3.0 (Turbopack)
   - Local:        http://localhost:3000
   - Network:      http://192.168.1.5:3000
   - Environments: .env.local

 ✓ Starting...
 ✓ Ready in 774ms
 ○ Compiling /cart ...
 ✓ Compiled /cart in 1592ms
🔑 Stripe key: pk_test_51Q3rVNECICP...
 GET /cart 200 in 1894ms
 GET /cart 200 in 138ms
[?25h

> frontend@0.1.0 dev /Users/jangajdos/Projects/yeezuz2020.store/frontend
> next dev --turbopack

   ▲ Next.js 15.3.0 (Turbopack)
   - Local:        http://localhost:3000
   - Network:      http://192.168.1.5:3000
   - Environments: .env.local

 ✓ Starting...
 ✓ Ready in 898ms
[?25h

> frontend@0.1.0 dev /Users/jangajdos/Projects/yeezuz2020.store/frontend
> next dev --turbopack

   ▲ Next.js 15.3.0 (Turbopack)
   - Local:        http://localhost:3000
   - Network:      http://172.20.10.2:3000
   - Environments: .env.local

 ✓ Starting...
 ✓ Ready in 923ms
 ○ Compiling / ...
 ✓ Compiled / in 1780ms
 GET / 200 in 3809ms
 ○ Compiling /product/[slug] ...
 ✓ Compiled /product/[slug] in 1077ms
 GET /product/labute-ss6-rhinestone-crystal-tie 200 in 4090ms
 ○ Compiling /cart ...
 ✓ Compiled /cart in 905ms
 GET /cart 200 in 935ms
 GET / 200 in 1288ms
 GET /product/labute-ss6-rhinestone-crystal-tie 200 in 879ms
 GET /cart 200 in 118ms
Error fetching products (attempt 1/3): HTTP 500: Internal Server Error
Error fetching products (attempt 2/3): HTTP 500: Internal Server Error
Error fetching products (attempt 3/3): HTTP 500: Internal Server Error
Failed to fetch products after all retries: Error: HTTP 500: Internal Server Error
    at getProducts (src/app/page.tsx:17:14)
    at async Home (src/app/page.tsx:41:19)
  15 |
  16 |       if (!response.ok) {
> 17 |         throw new Error(`HTTP ${response.status}: ${response.statusText}`);
     |              ^
  18 |       }
  19 |
  20 |       return await response.json();
 GET / 200 in 3345ms
Error fetching products (attempt 1/3): HTTP 500: Internal Server Error
Error fetching products (attempt 2/3): HTTP 500: Internal Server Error
Error fetching products (attempt 3/3): HTTP 500: Internal Server Error
Failed to fetch products after all retries: Error: HTTP 500: Internal Server Error
    at getProducts (src/app/page.tsx:17:14)
    at async Home (src/app/page.tsx:41:19)
  15 |
  16 |       if (!response.ok) {
> 17 |         throw new Error(`HTTP ${response.status}: ${response.statusText}`);
     |              ^
  18 |       }
  19 |
  20 |       return await response.json();
 GET / 200 in 3175ms
 ○ Compiling /favicon.ico ...
 ✓ Compiled /favicon.ico in 648ms
 GET /favicon.ico?favicon.45db1c09.ico 200 in 904ms
[?25h

> frontend@0.1.0 dev /Users/jangajdos/Projects/yeezuz2020.store/frontend
> next dev --turbopack

   ▲ Next.js 15.3.0 (Turbopack)
   - Local:        http://localhost:3000
   - Network:      http://172.20.10.2:3000
   - Environments: .env.local

 ✓ Starting...
 ✓ Ready in 829ms
[?25h

> frontend@0.1.0 dev /Users/jangajdos/Projects/yeezuz2020.store/frontend
> next dev --turbopack

   ▲ Next.js 15.3.0 (Turbopack)
   - Local:        http://localhost:3000
   - Network:      http://172.20.10.2:3000
   - Environments: .env.local

 ✓ Starting...
 ✓ Ready in 975ms
 ○ Compiling / ...
 ✓ Compiled / in 1943ms
 GET / 200 in 4155ms
 ○ Compiling /product/[slug] ...
 ✓ Compiled /product/[slug] in 974ms
 GET /product/labute-ss6-rhinestone-crystal-tie 200 in 3537ms
 ○ Compiling /cart ...
 ✓ Compiled /cart in 792ms
 GET /cart 200 in 830ms
 ○ Compiling /success ...
 ✓ Compiled /success in 3s
 GET /success?order_id=b5987456-ea0f-42e1-818c-c5d3201e0a82&token=23f3ac07-77cb-4903-899b-f731955d7d7d&payment_intent=pi_3RsRJFECICPYvq5c1Z54gBbc&payment_intent_client_secret=pi_3RsRJFECICPYvq5c1Z54gBbc_secret_DLzjlf7FVr8pT02kaRYWUak95&redirect_status=succeeded 200 in 5818ms
 ✓ Compiled in 311ms
 ✓ Compiled /success in 24ms
 GET /success?order_id=b5987456-ea0f-42e1-818c-c5d3201e0a82&token=23f3ac07-77cb-4903-899b-f731955d7d7d&payment_intent=pi_3RsRJFECICPYvq5c1Z54gBbc&payment_intent_client_secret=pi_3RsRJFECICPYvq5c1Z54gBbc_secret_DLzjlf7FVr8pT02kaRYWUak95&redirect_status=succeeded 200 in 197ms
 ○ Compiling /_error ...
 ✓ Compiled /_error in 1589ms
 GET / 500 in 1886ms
 ○ Compiling /favicon.ico ...
 ✓ Compiled /favicon.ico in 705ms
 GET /favicon.ico 200 in 727ms
 GET / 500 in 72ms
 GET /favicon.ico 500 in 22ms
 GET / 500 in 55ms
 GET /favicon.ico 500 in 19ms
 GET / 500 in 35ms
[?25h

> frontend@0.1.0 dev /Users/jangajdos/Projects/yeezuz2020.store/frontend
> next dev --turbopack

   ▲ Next.js 15.3.0 (Turbopack)
   - Local:        http://localhost:3000
   - Network:      http://172.20.10.2:3000
   - Environments: .env.local

 ✓ Starting...
 ✓ Ready in 810ms
 ○ Compiling / ...
 ✓ Compiled / in 2.2s
 GET / 200 in 1933ms
 GET / 200 in 2138ms
 ○ Compiling /favicon.ico ...
 ✓ Compiled /favicon.ico in 563ms
 ○ Compiling /cart ...
 ✓ Compiled /cart in 1240ms
 GET /cart 200 in 1339ms
 GET / 200 in 773ms
 ○ Compiling /product/[slug] ...
 ✓ Compiled /product/[slug] in 1130ms
 GET /product/labute-ss6-rhinestone-crystal-tie 200 in 3375ms
 GET /cart 200 in 132ms
 ○ Compiling /success ...
 ✓ Compiled /success in 1370ms
 ⨯ ./src/app/success/page.tsx:104:6
Parsing ecmascript source code failed
[0m [90m 102 |[39m   }[0m
[0m [90m 103 |[39m   [36mreturn[39m ([0m
[0m[31m[1m>[22m[39m[90m 104 |[39m     [33m<[39m[33mdiv[39m className[33m=[39m[32m"min-h-screen bg-gray-50 py-12 px-4 sm:px-6 lg:px-8"[39m[33m>[39m[0m
[0m [90m     |[39m      [31m[1m^[22m[39m[31m[1m^[22m[39m[31m[1m^[22m[39m[0m
[0m [90m 105 |[39m       [33m<[39m[33mdiv[39m className[33m=[39m[32m"max-w-4xl mx-auto"[39m[33m>[39m[0m
[0m [90m 106 |[39m         [33m<[39m[33mdiv[39m className[33m=[39m[32m"bg-white shadow rounded-lg overflow-hidden"[39m[33m>[39m[0m
[0m [90m 107 |[39m           {[90m/* Header */[39m}[0m

Unexpected token `div`. Expected jsx identifier


 ○ Compiling /_error ...
 ✓ Compiled /_error in 1688ms
 GET /success?order_id=ee50d2c8-3196-41ec-b8b0-3add743a3c2a&token=94985660-dc50-4823-8946-f919b55a58d1&payment_intent=pi_3RsRS6ECICPYvq5c0KxE1wtV&payment_intent_client_secret=pi_3RsRS6ECICPYvq5c0KxE1wtV_secret_qppvT3DRXcBCXIJaETyAPVTFT&redirect_status=succeeded 500 in 3332ms
 GET /favicon.ico 500 in 95ms
 ✓ Compiled in 736ms
 ✓ Compiled /success in 130ms
 GET /cart 200 in 333ms
 GET /success?order_id=ee50d2c8-3196-41ec-b8b0-3add743a3c2a&token=94985660-dc50-4823-8946-f919b55a58d1&payment_intent=pi_3RsRS6ECICPYvq5c0KxE1wtV&payment_intent_client_secret=pi_3RsRS6ECICPYvq5c0KxE1wtV_secret_qppvT3DRXcBCXIJaETyAPVTFT&redirect_status=succeeded 200 in 2639ms
 ○ Compiling /_not-found/page ...
 ✓ Compiled /_not-found/page in 2.2s
 ⨯ [Error: ENOENT: no such file or directory, open '/Users/jangajdos/Projects/yeezuz2020.store/frontend/.next/static/development/_buildManifest.js.tmp.mktgo7i5lw'] {
  errno: -2,
  code: 'ENOENT',
  syscall: 'open',
  path: '/Users/jangajdos/Projects/yeezuz2020.store/frontend/.next/static/development/_buildManifest.js.tmp.mktgo7i5lw'
}
[Error: ENOENT: no such file or directory, open '/Users/jangajdos/Projects/yeezuz2020.store/frontend/.next/server/pages/_app/build-manifest.json'] {
  errno: -2,
  code: 'ENOENT',
  syscall: 'open',
  path: '/Users/jangajdos/Projects/yeezuz2020.store/frontend/.next/server/pages/_app/build-manifest.json'
}
 ⨯ [Error: ENOENT: no such file or directory, open '/Users/jangajdos/Projects/yeezuz2020.store/frontend/.next/server/pages/_app/build-manifest.json'] {
  errno: -2,
  code: 'ENOENT',
  syscall: 'open',
  path: '/Users/jangajdos/Projects/yeezuz2020.store/frontend/.next/server/pages/_app/build-manifest.json'
}
[Error: ENOENT: no such file or directory, open '/Users/jangajdos/Projects/yeezuz2020.store/frontend/.next/server/pages/_app/build-manifest.json'] {
  errno: -2,
  code: 'ENOENT',
  syscall: 'open',
  path: '/Users/jangajdos/Projects/yeezuz2020.store/frontend/.next/server/pages/_app/build-manifest.json'
}
 ⨯ [Error: ENOENT: no such file or directory, open '/Users/jangajdos/Projects/yeezuz2020.store/frontend/.next/static/development/_buildManifest.js.tmp.w7d2ajah0c'] {
  errno: -2,
  code: 'ENOENT',
  syscall: 'open',
  path: '/Users/jangajdos/Projects/yeezuz2020.store/frontend/.next/static/development/_buildManifest.js.tmp.w7d2ajah0c'
}
[Error: ENOENT: no such file or directory, open '/Users/jangajdos/Projects/yeezuz2020.store/frontend/.next/server/pages/_app/build-manifest.json'] {
  errno: -2,
  code: 'ENOENT',
  syscall: 'open',
  path: '/Users/jangajdos/Projects/yeezuz2020.store/frontend/.next/server/pages/_app/build-manifest.json'
}
 ⨯ [Error: ENOENT: no such file or directory, open '/Users/jangajdos/Projects/yeezuz2020.store/frontend/.next/server/pages/_app/build-manifest.json'] {
  errno: -2,
  code: 'ENOENT',
  syscall: 'open',
  path: '/Users/jangajdos/Projects/yeezuz2020.store/frontend/.next/server/pages/_app/build-manifest.json'
}
[Error: ENOENT: no such file or directory, open '/Users/jangajdos/Projects/yeezuz2020.store/frontend/.next/server/pages/_app/build-manifest.json'] {
  errno: -2,
  code: 'ENOENT',
  syscall: 'open',
  path: '/Users/jangajdos/Projects/yeezuz2020.store/frontend/.next/server/pages/_app/build-manifest.json'
}
 ⨯ [Error: ENOENT: no such file or directory, open '/Users/jangajdos/Projects/yeezuz2020.store/frontend/.next/server/app/success/page/app-build-manifest.json'] {
  errno: -2,
  code: 'ENOENT',
  syscall: 'open',
  path: '/Users/jangajdos/Projects/yeezuz2020.store/frontend/.next/server/app/success/page/app-build-manifest.json'
}
 ⨯ [Error: ENOENT: no such file or directory, open '/Users/jangajdos/Projects/yeezuz2020.store/frontend/.next/server/pages/_app/build-manifest.json'] {
  errno: -2,
  code: 'ENOENT',
  syscall: 'open',
  path: '/Users/jangajdos/Projects/yeezuz2020.store/frontend/.next/server/pages/_app/build-manifest.json'
}
[Error: ENOENT: no such file or directory, open '/Users/jangajdos/Projects/yeezuz2020.store/frontend/.next/server/app/success/page/app-build-manifest.json'] {
  errno: -2,
  code: 'ENOENT',
  syscall: 'open',
  path: '/Users/jangajdos/Projects/yeezuz2020.store/frontend/.next/server/app/success/page/app-build-manifest.json'
}
 ⨯ [Error: ENOENT: no such file or directory, open '/Users/jangajdos/Projects/yeezuz2020.store/frontend/.next/server/pages/_app/build-manifest.json'] {
  errno: -2,
  code: 'ENOENT',
  syscall: 'open',
  path: '/Users/jangajdos/Projects/yeezuz2020.store/frontend/.next/server/pages/_app/build-manifest.json'
}
[Error: ENOENT: no such file or directory, open '/Users/jangajdos/Projects/yeezuz2020.store/frontend/.next/server/pages/_app/build-manifest.json'] {
  errno: -2,
  code: 'ENOENT',
  syscall: 'open',
  path: '/Users/jangajdos/Projects/yeezuz2020.store/frontend/.next/server/pages/_app/build-manifest.json'
}
 ⨯ [Error: ENOENT: no such file or directory, open '/Users/jangajdos/Projects/yeezuz2020.store/frontend/.next/server/app/favicon.ico/[__metadata_id__]/route/app-paths-manifest.json'] {
  errno: -2,
  code: 'ENOENT',
  syscall: 'open',
  path: '/Users/jangajdos/Projects/yeezuz2020.store/frontend/.next/server/app/favicon.ico/[__metadata_id__]/route/app-paths-manifest.json'
}
 ⨯ [Error: ENOENT: no such file or directory, open '/Users/jangajdos/Projects/yeezuz2020.store/frontend/.next/server/app/success/page/app-build-manifest.json'] {
  errno: -2,
  code: 'ENOENT',
  syscall: 'open',
  path: '/Users/jangajdos/Projects/yeezuz2020.store/frontend/.next/server/app/success/page/app-build-manifest.json'
}
 ⨯ [Error: ENOENT: no such file or directory, open '/Users/jangajdos/Projects/yeezuz2020.store/frontend/.next/server/pages/_app/build-manifest.json'] {
  errno: -2,
  code: 'ENOENT',
  syscall: 'open',
  path: '/Users/jangajdos/Projects/yeezuz2020.store/frontend/.next/server/pages/_app/build-manifest.json'
}
[Error: ENOENT: no such file or directory, open '/Users/jangajdos/Projects/yeezuz2020.store/frontend/.next/server/app/success/page/app-build-manifest.json'] {
  errno: -2,
  code: 'ENOENT',
  syscall: 'open',
  path: '/Users/jangajdos/Projects/yeezuz2020.store/frontend/.next/server/app/success/page/app-build-manifest.json'
}
 ⨯ [Error: ENOENT: no such file or directory, open '/Users/jangajdos/Projects/yeezuz2020.store/frontend/.next/server/pages/_app/build-manifest.json'] {
  errno: -2,
  code: 'ENOENT',
  syscall: 'open',
  path: '/Users/jangajdos/Projects/yeezuz2020.store/frontend/.next/server/pages/_app/build-manifest.json'
}
[Error: ENOENT: no such file or directory, open '/Users/jangajdos/Projects/yeezuz2020.store/frontend/.next/server/pages/_app/build-manifest.json'] {
  errno: -2,
  code: 'ENOENT',
  syscall: 'open',
  path: '/Users/jangajdos/Projects/yeezuz2020.store/frontend/.next/server/pages/_app/build-manifest.json'
}
 ⨯ [Error: ENOENT: no such file or directory, open '/Users/jangajdos/Projects/yeezuz2020.store/frontend/.next/server/app/favicon.ico/[__metadata_id__]/route/app-paths-manifest.json'] {
  errno: -2,
  code: 'ENOENT',
  syscall: 'open',
  path: '/Users/jangajdos/Projects/yeezuz2020.store/frontend/.next/server/app/favicon.ico/[__metadata_id__]/route/app-paths-manifest.json'
}
[?25h

> frontend@0.1.0 dev /Users/jangajdos/Projects/yeezuz2020.store/frontend
> next dev --turbopack

   ▲ Next.js 15.3.0 (Turbopack)
   - Local:        http://localhost:3000
   - Network:      http://172.20.10.2:3000
   - Environments: .env.local

 ✓ Starting...
 ✓ Ready in 782ms
 ○ Compiling / ...
 ✓ Compiled / in 1598ms
 GET / 200 in 3271ms
 ○ Compiling /favicon.ico ...
 ✓ Compiled /favicon.ico in 854ms
 GET /favicon.ico?favicon.45db1c09.ico 200 in 1141ms
 ○ Compiling /product/[slug] ...
 ✓ Compiled /product/[slug] in 810ms
 GET /product/labute-ss6-rhinestone-crystal-tie 200 in 3018ms
 ○ Compiling /cart ...
 ✓ Compiled /cart in 752ms
 GET /cart 200 in 789ms
 ○ Compiling /success ...
 ✓ Compiled /success in 955ms
 GET /success?order_id=8054728e-4d36-4606-b67e-25c83e1b4519&token=31286e98-6d90-482f-a836-43424b60fb52&payment_intent=pi_3RsRbUECICPYvq5c0xFzsK6h&payment_intent_client_secret=pi_3RsRbUECICPYvq5c0xFzsK6h_secret_Z3UR7VYvzxGXCw7e9F7mg5BgF&redirect_status=succeeded 200 in 2191ms
 ✓ Compiled in 455ms
 ✓ Compiled /success in 49ms
 GET /success?order_id=8054728e-4d36-4606-b67e-25c83e1b4519&token=31286e98-6d90-482f-a836-43424b60fb52&payment_intent=pi_3RsRbUECICPYvq5c0xFzsK6h&payment_intent_client_secret=pi_3RsRbUECICPYvq5c0xFzsK6h_secret_Z3UR7VYvzxGXCw7e9F7mg5BgF&redirect_status=succeeded 200 in 192ms
[?25h

> frontend@0.1.0 dev /Users/jangajdos/Projects/yeezuz2020.store/frontend
> next dev --turbopack

   ▲ Next.js 15.3.0 (Turbopack)
   - Local:        http://localhost:3000
   - Network:      http://172.20.10.2:3000
   - Environments: .env.local

 ✓ Starting...
 ✓ Ready in 862ms
 ○ Compiling /success ...
 ✓ Compiled /success in 1728ms
 GET /success?order_id=8054728e-4d36-4606-b67e-25c83e1b4519&token=31286e98-6d90-482f-a836-43424b60fb52&payment_intent=pi_3RsRbUECICPYvq5c0xFzsK6h&payment_intent_client_secret=pi_3RsRbUECICPYvq5c0xFzsK6h_secret_Z3UR7VYvzxGXCw7e9F7mg5BgF&redirect_status=succeeded 200 in 3690ms
 ✓ Compiled /favicon.ico in 314ms
 GET /favicon.ico?favicon.45db1c09.ico 200 in 558ms
 ○ Compiling / ...
 ✓ Compiled / in 586ms
 GET / 200 in 1366ms
 GET / 200 in 386ms
 ⚠ Fast Refresh had to perform a full reload when ./src/context/CartContext.tsx changed. Read more: https://nextjs.org/docs/messages/fast-refresh-reload
 ✓ Compiled in 265ms
 GET / 200 in 1157ms
 GET /favicon.ico?favicon.45db1c09.ico 200 in 271ms
 ⚠ Fast Refresh had to perform a full reload when ./src/context/CartContext.tsx changed. Read more: https://nextjs.org/docs/messages/fast-refresh-reload
 ✓ Compiled in 150ms
 GET / 200 in 515ms
 GET /favicon.ico?favicon.45db1c09.ico 200 in 247ms
 GET / 200 in 44ms
 ✓ Compiled in 203ms
 GET /favicon.ico?favicon.45db1c09.ico 200 in 233ms
 GET / 200 in 487ms
 GET /favicon.ico?favicon.45db1c09.ico 200 in 247ms
 ○ Compiling /cart ...
 ✓ Compiled /cart in 984ms
 GET /cart 200 in 1059ms
 ✓ Compiled /success in 29ms
 GET /success?order_id=aa06d2f0-0932-4781-8a68-63808aeef4b0&token=df1bb3b7-2011-4a3e-a534-1de030662def&payment_intent=pi_3RsRoTECICPYvq5c08o71IrZ&payment_intent_client_secret=pi_3RsRoTECICPYvq5c08o71IrZ_secret_xg3uSwzDe0B1xBP1DAPj21zbP&redirect_status=succeeded 200 in 604ms
 ✓ Compiled in 439ms
 ✓ Compiled /success in 79ms
 GET /success?order_id=aa06d2f0-0932-4781-8a68-63808aeef4b0&token=df1bb3b7-2011-4a3e-a534-1de030662def&payment_intent=pi_3RsRoTECICPYvq5c08o71IrZ&payment_intent_client_secret=pi_3RsRoTECICPYvq5c08o71IrZ_secret_xg3uSwzDe0B1xBP1DAPj21zbP&redirect_status=succeeded 200 in 465ms
 ✓ Compiled /success in 21ms
 GET /success?order_id=aa06d2f0-0932-4781-8a68-63808aeef4b0&token=df1bb3b7-2011-4a3e-a534-1de030662def&payment_intent=pi_3RsRoTECICPYvq5c08o71IrZ&payment_intent_client_secret=pi_3RsRoTECICPYvq5c08o71IrZ_secret_xg3uSwzDe0B1xBP1DAPj21zbP&redirect_status=succeeded 200 in 225ms
 ✓ Compiled in 332ms
 ✓ Compiled /success in 126ms
 GET /success?order_id=aa06d2f0-0932-4781-8a68-63808aeef4b0&token=df1bb3b7-2011-4a3e-a534-1de030662def&payment_intent=pi_3RsRoTECICPYvq5c08o71IrZ&payment_intent_client_secret=pi_3RsRoTECICPYvq5c08o71IrZ_secret_xg3uSwzDe0B1xBP1DAPj21zbP&redirect_status=succeeded 200 in 400ms
 GET /success?order_id=aa06d2f0-0932-4781-8a68-63808aeef4b0&token=df1bb3b7-2011-4a3e-a534-1de030662def&payment_intent=pi_3RsRoTECICPYvq5c08o71IrZ&payment_intent_client_secret=pi_3RsRoTECICPYvq5c08o71IrZ_secret_xg3uSwzDe0B1xBP1DAPj21zbP&redirect_status=succeeded 200 in 890ms
 GET /favicon.ico?favicon.45db1c09.ico 200 in 229ms
 GET / 200 in 299ms
 ⚠ Fast Refresh had to perform a full reload when ./src/context/CartContext.tsx changed. Read more: https://nextjs.org/docs/messages/fast-refresh-reload
 ✓ Compiled in 202ms
 GET / 200 in 499ms
 GET /favicon.ico?favicon.45db1c09.ico 200 in 260ms
 GET / 200 in 449ms
 GET /favicon.ico?favicon.45db1c09.ico 200 in 271ms
 GET / 200 in 410ms
 GET /favicon.ico?favicon.45db1c09.ico 200 in 225ms
 ✓ Compiled in 167ms
 GET / 200 in 106ms
 GET /favicon.ico?favicon.45db1c09.ico 200 in 241ms
 ✓ Compiled in 148ms
 GET / 200 in 179ms
 GET /favicon.ico?favicon.45db1c09.ico 200 in 222ms
 GET / 200 in 49ms
 ✓ Compiled in 118ms
 ✓ Compiled in 85ms
 GET / 200 in 404ms
 GET / 200 in 55ms
 ✓ Compiled in 141ms
 GET /cart 200 in 112ms
 ✓ Compiled in 186ms
 GET /cart 200 in 59ms
 ✓ Compiled in 148ms
 GET /cart 200 in 82ms
 GET /cart 200 in 35ms
 ✓ Compiled in 136ms
 GET /cart 200 in 53ms
 ✓ Compiled in 118ms
 GET /cart 200 in 48ms
 ✓ Compiled in 145ms
 GET /cart 200 in 57ms
 ✓ Compiled in 219ms
 ✓ Compiled /success in 26ms
 GET /success?order_id=dcf57dc2-2e21-4573-be08-05671a36f9bf&token=f3296ee4-2879-493c-bfa0-a4c5b6974251&payment_intent=pi_3RsRy9ECICPYvq5c1nrqDIxU&payment_intent_client_secret=pi_3RsRy9ECICPYvq5c1nrqDIxU_secret_xrLUMqVyPxOOpNgjfqvTIg5WC&redirect_status=succeeded 200 in 561ms
 GET / 200 in 441ms
[?25h

> frontend@0.1.0 dev /Users/jangajdos/Projects/yeezuz2020.store/frontend
> next dev --turbopack

   ▲ Next.js 15.3.0 (Turbopack)
   - Local:        http://localhost:3000
   - Network:      http://172.20.10.2:3000
   - Environments: .env.local

 ✓ Starting...
 ✓ Ready in 907ms
 ○ Compiling / ...
 ✓ Compiled / in 1754ms
 GET / 200 in 3272ms
[?25h

> frontend@0.1.0 dev /Users/jangajdos/Projects/yeezuz2020.store/frontend
> next dev --turbopack

   ▲ Next.js 15.3.0 (Turbopack)
   - Local:        http://localhost:3000
   - Network:      http://172.20.10.2:3000
   - Environments: .env.local

 ✓ Starting...
 ✓ Ready in 829ms
[?25h

> frontend@0.1.0 dev /Users/jangajdos/Projects/yeezuz2020.store/frontend
> next dev --turbopack

   ▲ Next.js 15.3.0 (Turbopack)
   - Local:        http://localhost:3000
   - Network:      http://172.20.10.2:3000
   - Environments: .env.local

 ✓ Starting...
 ✓ Ready in 1037ms
[?25h

> frontend@0.1.0 dev /Users/jangajdos/Projects/yeezuz2020.store/frontend
> next dev --turbopack

   ▲ Next.js 15.3.0 (Turbopack)
   - Local:        http://localhost:3000
   - Network:      http://172.20.10.2:3000
   - Environments: .env.local

 ✓ Starting...
 ✓ Ready in 945ms
[?25h

> frontend@0.1.0 dev /Users/jangajdos/Projects/yeezuz2020.store/frontend
> next dev --turbopack

   ▲ Next.js 15.3.0 (Turbopack)
   - Local:        http://localhost:3000
   - Network:      http://172.20.10.2:3000
   - Environments: .env.local

 ✓ Starting...
 ✓ Ready in 911ms
 ○ Compiling /_not-found/page ...
 ✓ Compiled /_not-found/page in 2.7s
 GET /auth/signin 404 in 3077ms
[?25h

> frontend@0.1.0 dev /Users/jangajdos/Projects/yeezuz2020.store/frontend
> next dev --turbopack

   ▲ Next.js 15.3.0 (Turbopack)
   - Local:        http://localhost:3000
   - Network:      http://172.20.10.2:3000
   - Environments: .env.local

 ✓ Starting...
 ✓ Ready in 1053ms
[?25h

> frontend@0.1.0 dev /Users/jangajdos/Projects/yeezuz2020.store/frontend
> next dev --turbopack

   ▲ Next.js 15.3.0 (Turbopack)
   - Local:        http://localhost:3000
   - Network:      http://172.20.10.2:3000
   - Environments: .env.local

 ✓ Starting...
 ✓ Ready in 936ms
[?25h

> frontend@0.1.0 dev /Users/jangajdos/Projects/yeezuz2020.store/frontend
> next dev --turbopack

   ▲ Next.js 15.3.0 (Turbopack)
   - Local:        http://localhost:3000
   - Network:      http://172.20.10.2:3000
   - Environments: .env.local

 ✓ Starting...
 ✓ Ready in 819ms
[?25h

> frontend@0.1.0 dev /Users/jangajdos/Projects/yeezuz2020.store/frontend
> next dev --turbopack

   ▲ Next.js 15.3.0 (Turbopack)
   - Local:        http://localhost:3000
   - Network:      http://172.20.10.2:3000
   - Environments: .env.local

 ✓ Starting...
 ✓ Ready in 809ms
[?25h

> frontend@0.1.0 dev /Users/jangajdos/Projects/yeezuz2020.store/frontend
> next dev --turbopack

   ▲ Next.js 15.3.0 (Turbopack)
   - Local:        http://localhost:3000
   - Network:      http://172.20.10.2:3000
   - Environments: .env.local

 ✓ Starting...
 ✓ Ready in 828ms
[?25h

> frontend@0.1.0 dev /Users/jangajdos/Projects/yeezuz2020.store/frontend
> next dev --turbopack

   ▲ Next.js 15.3.0 (Turbopack)
   - Local:        http://localhost:3000
   - Network:      http://172.20.10.2:3000
   - Environments: .env.local

 ✓ Starting...
 ✓ Ready in 947ms
[?25h

> frontend@0.1.0 dev /Users/jangajdos/Projects/yeezuz2020.store/frontend
> next dev --turbopack

   ▲ Next.js 15.3.0 (Turbopack)
   - Local:        http://localhost:3000
   - Network:      http://172.20.10.2:3000
   - Environments: .env.local

 ✓ Starting...
 ✓ Ready in 906ms
 ○ Compiling / ...
 ✓ Compiled / in 2.2s
 GET / 200 in 5727ms
 ○ Compiling /favicon.ico ...
 ✓ Compiled /favicon.ico in 705ms
 GET /favicon.ico?favicon.45db1c09.ico 200 in 981ms
 GET / 200 in 1299ms
 GET / 200 in 3257ms
 ○ Compiling /cart ...
 ✓ Compiled /cart in 1430ms
 GET /cart 200 in 1486ms
 GET / 200 in 3199ms
[?25h

> frontend@0.1.0 dev /Users/jangajdos/Projects/yeezuz2020.store/frontend
> next dev --turbopack

   ▲ Next.js 15.3.0 (Turbopack)
   - Local:        http://localhost:3000
   - Network:      http://192.168.1.5:3000
   - Environments: .env.local

 ✓ Starting...
 ✓ Ready in 909ms
 ○ Compiling /success ...
 ✓ Compiled /success in 1503ms
 GET /success?order_id=3579fd81-085b-4494-9218-8bc6cc674fb4&token=96a4aff6-9e76-4801-b9e8-1de88835004f&payment_intent=pi_3RsZ0GECICPYvq5c0oA74MCs&payment_intent_client_secret=pi_3RsZ0GECICPYvq5c0oA74MCs_secret_fqyZIRR6P0sZ33E1epRRbe26m&redirect_status=succeeded 200 in 3598ms
 ○ Compiling / ...
 ✓ Compiled / in 640ms
 GET / 200 in 1421ms
[?25h
