 тЪа Found lockfile missing swc dependencies, patching...
 тЪа Lockfile was successfully patched, please run "npm install" to ensure @next/swc dependencies are downloaded
Error fetching products (attempt 1/3): HTTP 500: Internal Server Error
Error fetching products (attempt 2/3): HTTP 500: Internal Server Error
Error fetching products (attempt 3/3): HTTP 500: Internal Server Error
Failed to fetch products after all retries: Error: HTTP 500: Internal Server Error
    at getProducts (src/app/page.tsx:17:14)
    at async Home (src/app/page.tsx:41:19)
  15 |
  16 |       if (!response.ok) {
> 17 |         throw new Error(`HTTP ${response.status}: ${response.statusText}`);
     |              ^
  18 |       }
  19 |
  20 |       return await response.json();
Error fetching products (attempt 1/3): HTTP 500: Internal Server Error
Error fetching products (attempt 2/3): HTTP 500: Internal Server Error
Error fetching products (attempt 3/3): HTTP 500: Internal Server Error
Failed to fetch products after all retries: Error: HTTP 500: Internal Server Error
    at getProducts (src/app/page.tsx:17:14)
    at async Home (src/app/page.tsx:41:19)
  15 |
  16 |       if (!response.ok) {
> 17 |         throw new Error(`HTTP ${response.status}: ${response.statusText}`);
     |              ^
  18 |       }
  19 |
  20 |       return await response.json();
Error fetching products (attempt 1/3): HTTP 500: Internal Server Error
Error fetching products (attempt 2/3): HTTP 500: Internal Server Error
Error fetching products (attempt 3/3): HTTP 500: Internal Server Error
Failed to fetch products after all retries: Error: HTTP 500: Internal Server Error
    at getProducts (src/app/page.tsx:17:14)
    at async Home (src/app/page.tsx:41:19)
  15 |
  16 |       if (!response.ok) {
> 17 |         throw new Error(`HTTP ${response.status}: ${response.statusText}`);
     |              ^
  18 |       }
  19 |
  20 |       return await response.json();
Error fetching products (attempt 1/3): fetch failed
Error fetching products (attempt 2/3): fetch failed
Error fetching products (attempt 3/3): fetch failed
Failed to fetch products after all retries: TypeError: fetch failed
    at async getProducts (src/app/page.tsx:11:23)
    at async Home (src/app/page.tsx:41:19)
   9 |   for (let attempt = 1; attempt <= maxRetries; attempt++) {
  10 |     try {
> 11 |       const response = await fetch(`${process.env.NEXT_PUBLIC_ADMIN_API_URL}/api/products`, {
     |                       ^
  12 |         cache: "no-store",
  13 |         signal: AbortSignal.timeout(10000), // 10s timeout
  14 |       }); {
  [cause]: [AggregateError: ] { code: 'ECONNREFUSED' }
}
Error fetching products (attempt 1/3): fetch failed
Error fetching products (attempt 2/3): fetch failed
Error fetching products (attempt 3/3): fetch failed
Failed to fetch products after all retries: TypeError: fetch failed
    at async getProducts (src/app/page.tsx:11:23)
    at async Home (src/app/page.tsx:41:19)
   9 |   for (let attempt = 1; attempt <= maxRetries; attempt++) {
  10 |     try {
> 11 |       const response = await fetch(`${process.env.NEXT_PUBLIC_ADMIN_API_URL}/api/products`, {
     |                       ^
  12 |         cache: "no-store",
  13 |         signal: AbortSignal.timeout(10000), // 10s timeout
  14 |       }); {
  [cause]: [AggregateError: ] { code: 'ECONNREFUSED' }
}
Error fetching products (attempt 1/3): fetch failed
Error fetching products (attempt 2/3): fetch failed
Error fetching products (attempt 3/3): fetch failed
Failed to fetch products after all retries: TypeError: fetch failed
    at async getProducts (src/app/page.tsx:11:23)
    at async Home (src/app/page.tsx:41:19)
   9 |   for (let attempt = 1; attempt <= maxRetries; attempt++) {
  10 |     try {
> 11 |       const response = await fetch(`${process.env.NEXT_PUBLIC_ADMIN_API_URL}/api/products`, {
     |                       ^
  12 |         cache: "no-store",
  13 |         signal: AbortSignal.timeout(10000), // 10s timeout
  14 |       }); {
  [cause]: [AggregateError: ] { code: 'ECONNREFUSED' }
}
Error fetching products (attempt 1/3): fetch failed
Error fetching products (attempt 2/3): fetch failed
Error fetching products (attempt 3/3): fetch failed
Failed to fetch products after all retries: TypeError: fetch failed
    at async getProducts (src/app/page.tsx:11:23)
    at async Home (src/app/page.tsx:41:19)
   9 |   for (let attempt = 1; attempt <= maxRetries; attempt++) {
  10 |     try {
> 11 |       const response = await fetch(`${process.env.NEXT_PUBLIC_ADMIN_API_URL}/api/products`, {
     |                       ^
  12 |         cache: "no-store",
  13 |         signal: AbortSignal.timeout(10000), // 10s timeout
  14 |       }); {
  [cause]: [AggregateError: ] { code: 'ECONNREFUSED' }
}
Error fetching products (attempt 1/3): fetch failed
Error fetching products (attempt 2/3): fetch failed
Error fetching products (attempt 3/3): fetch failed
Failed to fetch products after all retries: TypeError: fetch failed
    at async getProducts (src/app/page.tsx:11:23)
    at async Home (src/app/page.tsx:41:19)
   9 |   for (let attempt = 1; attempt <= maxRetries; attempt++) {
  10 |     try {
> 11 |       const response = await fetch(`${process.env.NEXT_PUBLIC_ADMIN_API_URL}/api/products`, {
     |                       ^
  12 |         cache: "no-store",
  13 |         signal: AbortSignal.timeout(10000), // 10s timeout
  14 |       }); {
  [cause]: [AggregateError: ] { code: 'ECONNREFUSED' }
}
Error fetching products (attempt 1/3): fetch failed
Error fetching products (attempt 2/3): fetch failed
Error fetching products (attempt 3/3): fetch failed
Failed to fetch products after all retries: TypeError: fetch failed
    at async getProducts (src/app/page.tsx:11:23)
    at async Home (src/app/page.tsx:41:19)
   9 |   for (let attempt = 1; attempt <= maxRetries; attempt++) {
  10 |     try {
> 11 |       const response = await fetch(`${process.env.NEXT_PUBLIC_ADMIN_API_URL}/api/products`, {
     |                       ^
  12 |         cache: "no-store",
  13 |         signal: AbortSignal.timeout(10000), // 10s timeout
  14 |       }); {
  [cause]: [AggregateError: ] { code: 'ECONNREFUSED' }
}
Error fetching products (attempt 1/3): fetch failed
Error fetching products (attempt 2/3): fetch failed
Error fetching products (attempt 3/3): fetch failed
Failed to fetch products after all retries: TypeError: fetch failed
    at async getProducts (src/app/page.tsx:11:23)
    at async Home (src/app/page.tsx:41:19)
   9 |   for (let attempt = 1; attempt <= maxRetries; attempt++) {
  10 |     try {
> 11 |       const response = await fetch(`${process.env.NEXT_PUBLIC_ADMIN_API_URL}/api/products`, {
     |                       ^
  12 |         cache: "no-store",
  13 |         signal: AbortSignal.timeout(10000), // 10s timeout
  14 |       }); {
  [cause]: [AggregateError: ] { code: 'ECONNREFUSED' }
}
Error: Route "/success" used `searchParams.session_id`. `searchParams` should be awaited before using its properties. Learn more: https://nextjs.org/docs/messages/sync-dynamic-apis
    at SuccessPage (src/app/success/page.tsx:64:47)
  62 |   searchParams: { [key: string]: string | string[] | undefined };
  63 | }) {
> 64 |   const sessionId = Array.isArray(searchParams.session_id) 
     |                                               ^
  65 |     ? searchParams.session_id[0] 
  66 |     : searchParams.session_id ?? null;
  67 |   const paymentIntentId = Array.isArray(searchParams.payment_intent)
Error: Route "/success" used `searchParams.session_id`. `searchParams` should be awaited before using its properties. Learn more: https://nextjs.org/docs/messages/sync-dynamic-apis
    at SuccessPage (src/app/success/page.tsx:66:19)
  64 |   const sessionId = Array.isArray(searchParams.session_id) 
  65 |     ? searchParams.session_id[0] 
> 66 |     : searchParams.session_id ?? null;
     |                   ^
  67 |   const paymentIntentId = Array.isArray(searchParams.payment_intent)
  68 |     ? searchParams.payment_intent[0]
  69 |     : searchParams.payment_intent ?? null;
Error: Route "/success" used `searchParams.payment_intent`. `searchParams` should be awaited before using its properties. Learn more: https://nextjs.org/docs/messages/sync-dynamic-apis
    at SuccessPage (src/app/success/page.tsx:67:53)
  65 |     ? searchParams.session_id[0] 
  66 |     : searchParams.session_id ?? null;
> 67 |   const paymentIntentId = Array.isArray(searchParams.payment_intent)
     |                                                     ^
  68 |     ? searchParams.payment_intent[0]
  69 |     : searchParams.payment_intent ?? null;
  70 |   const accessToken = Array.isArray(searchParams.token)
Error: Route "/success" used `searchParams.payment_intent`. `searchParams` should be awaited before using its properties. Learn more: https://nextjs.org/docs/messages/sync-dynamic-apis
    at SuccessPage (src/app/success/page.tsx:69:19)
  67 |   const paymentIntentId = Array.isArray(searchParams.payment_intent)
  68 |     ? searchParams.payment_intent[0]
> 69 |     : searchParams.payment_intent ?? null;
     |                   ^
  70 |   const accessToken = Array.isArray(searchParams.token)
  71 |     ? searchParams.token[0]
  72 |     : searchParams.token ?? null;
Error: Route "/success" used `searchParams.token`. `searchParams` should be awaited before using its properties. Learn more: https://nextjs.org/docs/messages/sync-dynamic-apis
    at SuccessPage (src/app/success/page.tsx:70:49)
  68 |     ? searchParams.payment_intent[0]
  69 |     : searchParams.payment_intent ?? null;
> 70 |   const accessToken = Array.isArray(searchParams.token)
     |                                                 ^
  71 |     ? searchParams.token[0]
  72 |     : searchParams.token ?? null;
  73 |
Error: Route "/success" used `searchParams.token`. `searchParams` should be awaited before using its properties. Learn more: https://nextjs.org/docs/messages/sync-dynamic-apis
    at SuccessPage (src/app/success/page.tsx:72:19)
  70 |   const accessToken = Array.isArray(searchParams.token)
  71 |     ? searchParams.token[0]
> 72 |     : searchParams.token ?? null;
     |                   ^
  73 |
  74 |   const orderId = accessToken || paymentIntentId || sessionId;
  75 |   
Error fetching order: [TypeError: Failed to parse URL from undefined/api/orders/pi_3RsECiECICPYvq5c0tqMW9l0?token=pi_3RsECiECICPYvq5c0tqMW9l0] {
  [cause]: [TypeError: Invalid URL] {
    code: 'ERR_INVALID_URL',
    input: 'undefined/api/orders/pi_3RsECiECICPYvq5c0tqMW9l0?token=pi_3RsECiECICPYvq5c0tqMW9l0'
  }
}
Error: Route "/success" used `searchParams.session_id`. `searchParams` should be awaited before using its properties. Learn more: https://nextjs.org/docs/messages/sync-dynamic-apis
    at SuccessPage (src/app/success/page.tsx:64:47)
  62 |   searchParams: { [key: string]: string | string[] | undefined };
  63 | }) {
> 64 |   const sessionId = Array.isArray(searchParams.session_id) 
     |                                               ^
  65 |     ? searchParams.session_id[0] 
  66 |     : searchParams.session_id ?? null;
  67 |   const paymentIntentId = Array.isArray(searchParams.payment_intent)
Error: Route "/success" used `searchParams.session_id`. `searchParams` should be awaited before using its properties. Learn more: https://nextjs.org/docs/messages/sync-dynamic-apis
    at SuccessPage (src/app/success/page.tsx:66:19)
  64 |   const sessionId = Array.isArray(searchParams.session_id) 
  65 |     ? searchParams.session_id[0] 
> 66 |     : searchParams.session_id ?? null;
     |                   ^
  67 |   const paymentIntentId = Array.isArray(searchParams.payment_intent)
  68 |     ? searchParams.payment_intent[0]
  69 |     : searchParams.payment_intent ?? null;
Error: Route "/success" used `searchParams.payment_intent`. `searchParams` should be awaited before using its properties. Learn more: https://nextjs.org/docs/messages/sync-dynamic-apis
    at SuccessPage (src/app/success/page.tsx:67:53)
  65 |     ? searchParams.session_id[0] 
  66 |     : searchParams.session_id ?? null;
> 67 |   const paymentIntentId = Array.isArray(searchParams.payment_intent)
     |                                                     ^
  68 |     ? searchParams.payment_intent[0]
  69 |     : searchParams.payment_intent ?? null;
  70 |   const accessToken = Array.isArray(searchParams.token)
Error: Route "/success" used `searchParams.payment_intent`. `searchParams` should be awaited before using its properties. Learn more: https://nextjs.org/docs/messages/sync-dynamic-apis
    at SuccessPage (src/app/success/page.tsx:69:19)
  67 |   const paymentIntentId = Array.isArray(searchParams.payment_intent)
  68 |     ? searchParams.payment_intent[0]
> 69 |     : searchParams.payment_intent ?? null;
     |                   ^
  70 |   const accessToken = Array.isArray(searchParams.token)
  71 |     ? searchParams.token[0]
  72 |     : searchParams.token ?? null;
Error: Route "/success" used `searchParams.token`. `searchParams` should be awaited before using its properties. Learn more: https://nextjs.org/docs/messages/sync-dynamic-apis
    at SuccessPage (src/app/success/page.tsx:70:49)
  68 |     ? searchParams.payment_intent[0]
  69 |     : searchParams.payment_intent ?? null;
> 70 |   const accessToken = Array.isArray(searchParams.token)
     |                                                 ^
  71 |     ? searchParams.token[0]
  72 |     : searchParams.token ?? null;
  73 |
Error: Route "/success" used `searchParams.token`. `searchParams` should be awaited before using its properties. Learn more: https://nextjs.org/docs/messages/sync-dynamic-apis
    at SuccessPage (src/app/success/page.tsx:72:19)
  70 |   const accessToken = Array.isArray(searchParams.token)
  71 |     ? searchParams.token[0]
> 72 |     : searchParams.token ?? null;
     |                   ^
  73 |
  74 |   const orderId = accessToken || paymentIntentId || sessionId;
  75 |   
Error fetching order: [TypeError: Failed to parse URL from undefined/api/orders/pi_3RsECiECICPYvq5c0tqMW9l0?token=pi_3RsECiECICPYvq5c0tqMW9l0] {
  [cause]: [TypeError: Invalid URL] {
    code: 'ERR_INVALID_URL',
    input: 'undefined/api/orders/pi_3RsECiECICPYvq5c0tqMW9l0?token=pi_3RsECiECICPYvq5c0tqMW9l0'
  }
}
Error: Route "/success" used `searchParams.session_id`. `searchParams` should be awaited before using its properties. Learn more: https://nextjs.org/docs/messages/sync-dynamic-apis
    at SuccessPage (src/app/success/page.tsx:64:47)
  62 |   searchParams: { [key: string]: string | string[] | undefined };
  63 | }) {
> 64 |   const sessionId = Array.isArray(searchParams.session_id) 
     |                                               ^
  65 |     ? searchParams.session_id[0] 
  66 |     : searchParams.session_id ?? null;
  67 |   const paymentIntentId = Array.isArray(searchParams.payment_intent)
Error: Route "/success" used `searchParams.session_id`. `searchParams` should be awaited before using its properties. Learn more: https://nextjs.org/docs/messages/sync-dynamic-apis
    at SuccessPage (src/app/success/page.tsx:66:19)
  64 |   const sessionId = Array.isArray(searchParams.session_id) 
  65 |     ? searchParams.session_id[0] 
> 66 |     : searchParams.session_id ?? null;
     |                   ^
  67 |   const paymentIntentId = Array.isArray(searchParams.payment_intent)
  68 |     ? searchParams.payment_intent[0]
  69 |     : searchParams.payment_intent ?? null;
Error: Route "/success" used `searchParams.payment_intent`. `searchParams` should be awaited before using its properties. Learn more: https://nextjs.org/docs/messages/sync-dynamic-apis
    at SuccessPage (src/app/success/page.tsx:67:53)
  65 |     ? searchParams.session_id[0] 
  66 |     : searchParams.session_id ?? null;
> 67 |   const paymentIntentId = Array.isArray(searchParams.payment_intent)
     |                                                     ^
  68 |     ? searchParams.payment_intent[0]
  69 |     : searchParams.payment_intent ?? null;
  70 |   const accessToken = Array.isArray(searchParams.token)
Error: Route "/success" used `searchParams.payment_intent`. `searchParams` should be awaited before using its properties. Learn more: https://nextjs.org/docs/messages/sync-dynamic-apis
    at SuccessPage (src/app/success/page.tsx:69:19)
  67 |   const paymentIntentId = Array.isArray(searchParams.payment_intent)
  68 |     ? searchParams.payment_intent[0]
> 69 |     : searchParams.payment_intent ?? null;
     |                   ^
  70 |   const accessToken = Array.isArray(searchParams.token)
  71 |     ? searchParams.token[0]
  72 |     : searchParams.token ?? null;
Error: Route "/success" used `searchParams.token`. `searchParams` should be awaited before using its properties. Learn more: https://nextjs.org/docs/messages/sync-dynamic-apis
    at SuccessPage (src/app/success/page.tsx:70:49)
  68 |     ? searchParams.payment_intent[0]
  69 |     : searchParams.payment_intent ?? null;
> 70 |   const accessToken = Array.isArray(searchParams.token)
     |                                                 ^
  71 |     ? searchParams.token[0]
  72 |     : searchParams.token ?? null;
  73 |
Error: Route "/success" used `searchParams.token`. `searchParams` should be awaited before using its properties. Learn more: https://nextjs.org/docs/messages/sync-dynamic-apis
    at SuccessPage (src/app/success/page.tsx:72:19)
  70 |   const accessToken = Array.isArray(searchParams.token)
  71 |     ? searchParams.token[0]
> 72 |     : searchParams.token ?? null;
     |                   ^
  73 |
  74 |   const orderId = accessToken || paymentIntentId || sessionId;
  75 |   
Error fetching order: [TypeError: Failed to parse URL from undefined/api/orders/pi_3RsECiECICPYvq5c0tqMW9l0?token=pi_3RsECiECICPYvq5c0tqMW9l0] {
  [cause]: [TypeError: Invalid URL] {
    code: 'ERR_INVALID_URL',
    input: 'undefined/api/orders/pi_3RsECiECICPYvq5c0tqMW9l0?token=pi_3RsECiECICPYvq5c0tqMW9l0'
  }
}
Error: Route "/success" used `searchParams.session_id`. `searchParams` should be awaited before using its properties. Learn more: https://nextjs.org/docs/messages/sync-dynamic-apis
    at SuccessPage (src/app/success/page.tsx:64:47)
  62 |   searchParams: { [key: string]: string | string[] | undefined };
  63 | }) {
> 64 |   const sessionId = Array.isArray(searchParams.session_id) 
     |                                               ^
  65 |     ? searchParams.session_id[0] 
  66 |     : searchParams.session_id ?? null;
  67 |   const paymentIntentId = Array.isArray(searchParams.payment_intent)
Error: Route "/success" used `searchParams.session_id`. `searchParams` should be awaited before using its properties. Learn more: https://nextjs.org/docs/messages/sync-dynamic-apis
    at SuccessPage (src/app/success/page.tsx:66:19)
  64 |   const sessionId = Array.isArray(searchParams.session_id) 
  65 |     ? searchParams.session_id[0] 
> 66 |     : searchParams.session_id ?? null;
     |                   ^
  67 |   const paymentIntentId = Array.isArray(searchParams.payment_intent)
  68 |     ? searchParams.payment_intent[0]
  69 |     : searchParams.payment_intent ?? null;
Error: Route "/success" used `searchParams.payment_intent`. `searchParams` should be awaited before using its properties. Learn more: https://nextjs.org/docs/messages/sync-dynamic-apis
    at SuccessPage (src/app/success/page.tsx:67:53)
  65 |     ? searchParams.session_id[0] 
  66 |     : searchParams.session_id ?? null;
> 67 |   const paymentIntentId = Array.isArray(searchParams.payment_intent)
     |                                                     ^
  68 |     ? searchParams.payment_intent[0]
  69 |     : searchParams.payment_intent ?? null;
  70 |   const accessToken = Array.isArray(searchParams.token)
Error: Route "/success" used `searchParams.payment_intent`. `searchParams` should be awaited before using its properties. Learn more: https://nextjs.org/docs/messages/sync-dynamic-apis
    at SuccessPage (src/app/success/page.tsx:69:19)
  67 |   const paymentIntentId = Array.isArray(searchParams.payment_intent)
  68 |     ? searchParams.payment_intent[0]
> 69 |     : searchParams.payment_intent ?? null;
     |                   ^
  70 |   const accessToken = Array.isArray(searchParams.token)
  71 |     ? searchParams.token[0]
  72 |     : searchParams.token ?? null;
Error: Route "/success" used `searchParams.token`. `searchParams` should be awaited before using its properties. Learn more: https://nextjs.org/docs/messages/sync-dynamic-apis
    at SuccessPage (src/app/success/page.tsx:70:49)
  68 |     ? searchParams.payment_intent[0]
  69 |     : searchParams.payment_intent ?? null;
> 70 |   const accessToken = Array.isArray(searchParams.token)
     |                                                 ^
  71 |     ? searchParams.token[0]
  72 |     : searchParams.token ?? null;
  73 |
Error: Route "/success" used `searchParams.token`. `searchParams` should be awaited before using its properties. Learn more: https://nextjs.org/docs/messages/sync-dynamic-apis
    at SuccessPage (src/app/success/page.tsx:72:19)
  70 |   const accessToken = Array.isArray(searchParams.token)
  71 |     ? searchParams.token[0]
> 72 |     : searchParams.token ?? null;
     |                   ^
  73 |
  74 |   const orderId = accessToken || paymentIntentId || sessionId;
  75 |   
Error fetching order: [TypeError: Failed to parse URL from undefined/api/orders/pi_3RsECiECICPYvq5c0tqMW9l0?token=pi_3RsECiECICPYvq5c0tqMW9l0] {
  [cause]: [TypeError: Invalid URL] {
    code: 'ERR_INVALID_URL',
    input: 'undefined/api/orders/pi_3RsECiECICPYvq5c0tqMW9l0?token=pi_3RsECiECICPYvq5c0tqMW9l0'
  }
}
Error: Route "/success" used `searchParams.session_id`. `searchParams` should be awaited before using its properties. Learn more: https://nextjs.org/docs/messages/sync-dynamic-apis
    at SuccessPage (src/app/success/page.tsx:64:47)
  62 |   searchParams: { [key: string]: string | string[] | undefined };
  63 | }) {
> 64 |   const sessionId = Array.isArray(searchParams.session_id) 
     |                                               ^
  65 |     ? searchParams.session_id[0] 
  66 |     : searchParams.session_id ?? null;
  67 |   const paymentIntentId = Array.isArray(searchParams.payment_intent)
Error: Route "/success" used `searchParams.session_id`. `searchParams` should be awaited before using its properties. Learn more: https://nextjs.org/docs/messages/sync-dynamic-apis
    at SuccessPage (src/app/success/page.tsx:66:19)
  64 |   const sessionId = Array.isArray(searchParams.session_id) 
  65 |     ? searchParams.session_id[0] 
> 66 |     : searchParams.session_id ?? null;
     |                   ^
  67 |   const paymentIntentId = Array.isArray(searchParams.payment_intent)
  68 |     ? searchParams.payment_intent[0]
  69 |     : searchParams.payment_intent ?? null;
Error: Route "/success" used `searchParams.payment_intent`. `searchParams` should be awaited before using its properties. Learn more: https://nextjs.org/docs/messages/sync-dynamic-apis
    at SuccessPage (src/app/success/page.tsx:67:53)
  65 |     ? searchParams.session_id[0] 
  66 |     : searchParams.session_id ?? null;
> 67 |   const paymentIntentId = Array.isArray(searchParams.payment_intent)
     |                                                     ^
  68 |     ? searchParams.payment_intent[0]
  69 |     : searchParams.payment_intent ?? null;
  70 |   const accessToken = Array.isArray(searchParams.token)
Error: Route "/success" used `searchParams.payment_intent`. `searchParams` should be awaited before using its properties. Learn more: https://nextjs.org/docs/messages/sync-dynamic-apis
    at SuccessPage (src/app/success/page.tsx:69:19)
  67 |   const paymentIntentId = Array.isArray(searchParams.payment_intent)
  68 |     ? searchParams.payment_intent[0]
> 69 |     : searchParams.payment_intent ?? null;
     |                   ^
  70 |   const accessToken = Array.isArray(searchParams.token)
  71 |     ? searchParams.token[0]
  72 |     : searchParams.token ?? null;
Error: Route "/success" used `searchParams.token`. `searchParams` should be awaited before using its properties. Learn more: https://nextjs.org/docs/messages/sync-dynamic-apis
    at SuccessPage (src/app/success/page.tsx:70:49)
  68 |     ? searchParams.payment_intent[0]
  69 |     : searchParams.payment_intent ?? null;
> 70 |   const accessToken = Array.isArray(searchParams.token)
     |                                                 ^
  71 |     ? searchParams.token[0]
  72 |     : searchParams.token ?? null;
  73 |
Error: Route "/success" used `searchParams.token`. `searchParams` should be awaited before using its properties. Learn more: https://nextjs.org/docs/messages/sync-dynamic-apis
    at SuccessPage (src/app/success/page.tsx:72:19)
  70 |   const accessToken = Array.isArray(searchParams.token)
  71 |     ? searchParams.token[0]
> 72 |     : searchParams.token ?? null;
     |                   ^
  73 |
  74 |   const orderId = accessToken || paymentIntentId || sessionId;
  75 |   
Error fetching order: [TypeError: Failed to parse URL from undefined/api/orders/pi_3RsECiECICPYvq5c0tqMW9l0?token=pi_3RsECiECICPYvq5c0tqMW9l0] {
  [cause]: [TypeError: Invalid URL] {
    code: 'ERR_INVALID_URL',
    input: 'undefined/api/orders/pi_3RsECiECICPYvq5c0tqMW9l0?token=pi_3RsECiECICPYvq5c0tqMW9l0'
  }
}
Error: Route "/product/[slug]" used `params.slug`. `params` should be awaited before using its properties. Learn more: https://nextjs.org/docs/messages/sync-dynamic-apis
    at ProductPage (src/app/product/[slug]/page.tsx:127:10)
  125 |
  126 | export default async function ProductPage({ params }: ProductPageProps) {
> 127 |   const { slug } = params;
      |          ^
  128 |   const product = await getProduct(slug);
  129 |
  130 |   if (!product) {
Error: Route "/product/[slug]" used `params.slug`. `params` should be awaited before using its properties. Learn more: https://nextjs.org/docs/messages/sync-dynamic-apis
    at ProductPage (src/app/product/[slug]/page.tsx:127:10)
  125 |
  126 | export default async function ProductPage({ params }: ProductPageProps) {
> 127 |   const { slug } = params;
      |          ^
  128 |   const product = await getProduct(slug);
  129 |
  130 |   if (!product) {
Error: Route "/product/[slug]" used `params.slug`. `params` should be awaited before using its properties. Learn more: https://nextjs.org/docs/messages/sync-dynamic-apis
    at ProductPage (src/app/product/[slug]/page.tsx:127:10)
  125 |
  126 | export default async function ProductPage({ params }: ProductPageProps) {
> 127 |   const { slug } = params;
      |          ^
  128 |   const product = await getProduct(slug);
  129 |
  130 |   if (!product) {
Error: Route "/product/[slug]" used `params.slug`. `params` should be awaited before using its properties. Learn more: https://nextjs.org/docs/messages/sync-dynamic-apis
    at ProductPage (src/app/product/[slug]/page.tsx:127:10)
  125 |
  126 | export default async function ProductPage({ params }: ProductPageProps) {
> 127 |   const { slug } = params;
      |          ^
  128 |   const product = await getProduct(slug);
  129 |
  130 |   if (!product) {
Error: Route "/product/[slug]" used `params.slug`. `params` should be awaited before using its properties. Learn more: https://nextjs.org/docs/messages/sync-dynamic-apis
    at ProductPage (src/app/product/[slug]/page.tsx:127:10)
  125 |
  126 | export default async function ProductPage({ params }: ProductPageProps) {
> 127 |   const { slug } = params;
      |          ^
  128 |   const product = await getProduct(slug);
  129 |
  130 |   if (!product) {
Error: Route "/success" used `searchParams.session_id`. `searchParams` should be awaited before using its properties. Learn more: https://nextjs.org/docs/messages/sync-dynamic-apis
    at SuccessPage (src/app/success/page.tsx:64:47)
  62 |   searchParams: { [key: string]: string | string[] | undefined };
  63 | }) {
> 64 |   const sessionId = Array.isArray(searchParams.session_id) 
     |                                               ^
  65 |     ? searchParams.session_id[0] 
  66 |     : searchParams.session_id ?? null;
  67 |   const paymentIntentId = Array.isArray(searchParams.payment_intent)
Error: Route "/success" used `searchParams.session_id`. `searchParams` should be awaited before using its properties. Learn more: https://nextjs.org/docs/messages/sync-dynamic-apis
    at SuccessPage (src/app/success/page.tsx:66:19)
  64 |   const sessionId = Array.isArray(searchParams.session_id) 
  65 |     ? searchParams.session_id[0] 
> 66 |     : searchParams.session_id ?? null;
     |                   ^
  67 |   const paymentIntentId = Array.isArray(searchParams.payment_intent)
  68 |     ? searchParams.payment_intent[0]
  69 |     : searchParams.payment_intent ?? null;
Error: Route "/success" used `searchParams.payment_intent`. `searchParams` should be awaited before using its properties. Learn more: https://nextjs.org/docs/messages/sync-dynamic-apis
    at SuccessPage (src/app/success/page.tsx:67:53)
  65 |     ? searchParams.session_id[0] 
  66 |     : searchParams.session_id ?? null;
> 67 |   const paymentIntentId = Array.isArray(searchParams.payment_intent)
     |                                                     ^
  68 |     ? searchParams.payment_intent[0]
  69 |     : searchParams.payment_intent ?? null;
  70 |   const accessToken = Array.isArray(searchParams.token)
Error: Route "/success" used `searchParams.payment_intent`. `searchParams` should be awaited before using its properties. Learn more: https://nextjs.org/docs/messages/sync-dynamic-apis
    at SuccessPage (src/app/success/page.tsx:69:19)
  67 |   const paymentIntentId = Array.isArray(searchParams.payment_intent)
  68 |     ? searchParams.payment_intent[0]
> 69 |     : searchParams.payment_intent ?? null;
     |                   ^
  70 |   const accessToken = Array.isArray(searchParams.token)
  71 |     ? searchParams.token[0]
  72 |     : searchParams.token ?? null;
Error: Route "/success" used `searchParams.token`. `searchParams` should be awaited before using its properties. Learn more: https://nextjs.org/docs/messages/sync-dynamic-apis
    at SuccessPage (src/app/success/page.tsx:70:49)
  68 |     ? searchParams.payment_intent[0]
  69 |     : searchParams.payment_intent ?? null;
> 70 |   const accessToken = Array.isArray(searchParams.token)
     |                                                 ^
  71 |     ? searchParams.token[0]
  72 |     : searchParams.token ?? null;
  73 |
Error: Route "/success" used `searchParams.token`. `searchParams` should be awaited before using its properties. Learn more: https://nextjs.org/docs/messages/sync-dynamic-apis
    at SuccessPage (src/app/success/page.tsx:72:19)
  70 |   const accessToken = Array.isArray(searchParams.token)
  71 |     ? searchParams.token[0]
> 72 |     : searchParams.token ?? null;
     |                   ^
  73 |
  74 |   const orderId = accessToken || paymentIntentId || sessionId;
  75 |   
Error fetching order: [TypeError: Failed to parse URL from undefined/api/orders/pi_3RsECiECICPYvq5c0tqMW9l0?token=pi_3RsECiECICPYvq5c0tqMW9l0] {
  [cause]: [TypeError: Invalid URL] {
    code: 'ERR_INVALID_URL',
    input: 'undefined/api/orders/pi_3RsECiECICPYvq5c0tqMW9l0?token=pi_3RsECiECICPYvq5c0tqMW9l0'
  }
}
Error: Route "/product/[slug]" used `params.slug`. `params` should be awaited before using its properties. Learn more: https://nextjs.org/docs/messages/sync-dynamic-apis
    at ProductPage (src/app/product/[slug]/page.tsx:127:10)
  125 |
  126 | export default async function ProductPage({ params }: ProductPageProps) {
> 127 |   const { slug } = params;
      |          ^
  128 |   const product = await getProduct(slug);
  129 |
  130 |   if (!product) {
Error: Route "/product/[slug]" used `params.slug`. `params` should be awaited before using its properties. Learn more: https://nextjs.org/docs/messages/sync-dynamic-apis
    at ProductPage (src/app/product/[slug]/page.tsx:127:10)
  125 |
  126 | export default async function ProductPage({ params }: ProductPageProps) {
> 127 |   const { slug } = params;
      |          ^
  128 |   const product = await getProduct(slug);
  129 |
  130 |   if (!product) {
Error: Route "/product/[slug]" used `params.slug`. `params` should be awaited before using its properties. Learn more: https://nextjs.org/docs/messages/sync-dynamic-apis
    at ProductPage (src/app/product/[slug]/page.tsx:127:10)
  125 |
  126 | export default async function ProductPage({ params }: ProductPageProps) {
> 127 |   const { slug } = params;
      |          ^
  128 |   const product = await getProduct(slug);
  129 |
  130 |   if (!product) {
Error: Route "/product/[slug]" used `params.slug`. `params` should be awaited before using its properties. Learn more: https://nextjs.org/docs/messages/sync-dynamic-apis
    at ProductPage (src/app/product/[slug]/page.tsx:127:10)
  125 |
  126 | export default async function ProductPage({ params }: ProductPageProps) {
> 127 |   const { slug } = params;
      |          ^
  128 |   const product = await getProduct(slug);
  129 |
  130 |   if (!product) {
Error: Route "/product/[slug]" used `params.slug`. `params` should be awaited before using its properties. Learn more: https://nextjs.org/docs/messages/sync-dynamic-apis
    at ProductPage (src/app/product/[slug]/page.tsx:127:10)
  125 |
  126 | export default async function ProductPage({ params }: ProductPageProps) {
> 127 |   const { slug } = params;
      |          ^
  128 |   const product = await getProduct(slug);
  129 |
  130 |   if (!product) {
Error: Route "/product/[slug]" used `params.slug`. `params` should be awaited before using its properties. Learn more: https://nextjs.org/docs/messages/sync-dynamic-apis
    at ProductPage (src/app/product/[slug]/page.tsx:127:10)
  125 |
  126 | export default async function ProductPage({ params }: ProductPageProps) {
> 127 |   const { slug } = params;
      |          ^
  128 |   const product = await getProduct(slug);
  129 |
  130 |   if (!product) {
Error: Route "/product/[slug]" used `params.slug`. `params` should be awaited before using its properties. Learn more: https://nextjs.org/docs/messages/sync-dynamic-apis
    at ProductPage (src/app/product/[slug]/page.tsx:127:10)
  125 |
  126 | export default async function ProductPage({ params }: ProductPageProps) {
> 127 |   const { slug } = params;
      |          ^
  128 |   const product = await getProduct(slug);
  129 |
  130 |   if (!product) {
Error: Route "/product/[slug]" used `params.slug`. `params` should be awaited before using its properties. Learn more: https://nextjs.org/docs/messages/sync-dynamic-apis
    at ProductPage (src/app/product/[slug]/page.tsx:127:10)
  125 |
  126 | export default async function ProductPage({ params }: ProductPageProps) {
> 127 |   const { slug } = params;
      |          ^
  128 |   const product = await getProduct(slug);
  129 |
  130 |   if (!product) {
Error: Route "/product/[slug]" used `params.slug`. `params` should be awaited before using its properties. Learn more: https://nextjs.org/docs/messages/sync-dynamic-apis
    at ProductPage (src/app/product/[slug]/page.tsx:127:10)
  125 |
  126 | export default async function ProductPage({ params }: ProductPageProps) {
> 127 |   const { slug } = params;
      |          ^
  128 |   const product = await getProduct(slug);
  129 |
  130 |   if (!product) {
Error: Route "/product/[slug]" used `params.slug`. `params` should be awaited before using its properties. Learn more: https://nextjs.org/docs/messages/sync-dynamic-apis
    at ProductPage (src/app/product/[slug]/page.tsx:127:10)
  125 |
  126 | export default async function ProductPage({ params }: ProductPageProps) {
> 127 |   const { slug } = params;
      |          ^
  128 |   const product = await getProduct(slug);
  129 |
  130 |   if (!product) {
Error: Route "/product/[slug]" used `params.slug`. `params` should be awaited before using its properties. Learn more: https://nextjs.org/docs/messages/sync-dynamic-apis
    at ProductPage (src/app/product/[slug]/page.tsx:127:10)
  125 |
  126 | export default async function ProductPage({ params }: ProductPageProps) {
> 127 |   const { slug } = params;
      |          ^
  128 |   const product = await getProduct(slug);
  129 |
  130 |   if (!product) {
Error: Route "/product/[slug]" used `params.slug`. `params` should be awaited before using its properties. Learn more: https://nextjs.org/docs/messages/sync-dynamic-apis
    at ProductPage (src/app/product/[slug]/page.tsx:127:10)
  125 |
  126 | export default async function ProductPage({ params }: ProductPageProps) {
> 127 |   const { slug } = params;
      |          ^
  128 |   const product = await getProduct(slug);
  129 |
  130 |   if (!product) {
Error: Route "/product/[slug]" used `params.slug`. `params` should be awaited before using its properties. Learn more: https://nextjs.org/docs/messages/sync-dynamic-apis
    at ProductPage (src/app/product/[slug]/page.tsx:127:10)
  125 |
  126 | export default async function ProductPage({ params }: ProductPageProps) {
> 127 |   const { slug } = params;
      |          ^
  128 |   const product = await getProduct(slug);
  129 |
  130 |   if (!product) {
Error: Route "/product/[slug]" used `params.slug`. `params` should be awaited before using its properties. Learn more: https://nextjs.org/docs/messages/sync-dynamic-apis
    at ProductPage (src/app/product/[slug]/page.tsx:127:10)
  125 |
  126 | export default async function ProductPage({ params }: ProductPageProps) {
> 127 |   const { slug } = params;
      |          ^
  128 |   const product = await getProduct(slug);
  129 |
  130 |   if (!product) {
Error: Route "/product/[slug]" used `params.slug`. `params` should be awaited before using its properties. Learn more: https://nextjs.org/docs/messages/sync-dynamic-apis
    at ProductPage (src/app/product/[slug]/page.tsx:127:10)
  125 |
  126 | export default async function ProductPage({ params }: ProductPageProps) {
> 127 |   const { slug } = params;
      |          ^
  128 |   const product = await getProduct(slug);
  129 |
  130 |   if (!product) {
Error: Route "/product/[slug]" used `params.slug`. `params` should be awaited before using its properties. Learn more: https://nextjs.org/docs/messages/sync-dynamic-apis
    at ProductPage (src/app/product/[slug]/page.tsx:130:10)
  128 |
  129 | export default async function ProductPage({ params }: ProductPageProps) {
> 130 |   const { slug } = params;
      |          ^
  131 |   const product = await getProduct(slug);
  132 |
  133 |   if (!product) {
Error: Route "/product/[slug]" used `params.slug`. `params` should be awaited before using its properties. Learn more: https://nextjs.org/docs/messages/sync-dynamic-apis
    at ProductPage (src/app/product/[slug]/page.tsx:130:10)
  128 |
  129 | export default async function ProductPage({ params }: ProductPageProps) {
> 130 |   const { slug } = params;
      |          ^
  131 |   const product = await getProduct(slug);
  132 |
  133 |   if (!product) {
 тип [Error: ENOENT: no such file or directory, open '/Users/jangajdos/Projects/yeezuz2020.store/frontend/.next/server/app/product/[slug]/page/app-build-manifest.json'] {
  errno: -2,
  code: 'ENOENT',
  syscall: 'open',
  path: '/Users/jangajdos/Projects/yeezuz2020.store/frontend/.next/server/app/product/[slug]/page/app-build-manifest.json'
}
 тип [Error: ENOENT: no such file or directory, open '/Users/jangajdos/Projects/yeezuz2020.store/frontend/.next/static/development/_buildManifest.js.tmp.0m6l96efqam'] {
  errno: -2,
  code: 'ENOENT',
  syscall: 'open',
  path: '/Users/jangajdos/Projects/yeezuz2020.store/frontend/.next/static/development/_buildManifest.js.tmp.0m6l96efqam'
}
[Error: ENOENT: no such file or directory, open '/Users/jangajdos/Projects/yeezuz2020.store/frontend/.next/server/app/product/[slug]/page/app-build-manifest.json'] {
  errno: -2,
  code: 'ENOENT',
  syscall: 'open',
  path: '/Users/jangajdos/Projects/yeezuz2020.store/frontend/.next/server/app/product/[slug]/page/app-build-manifest.json'
}
 тип [Error: ENOENT: no such file or directory, open '/Users/jangajdos/Projects/yeezuz2020.store/frontend/.next/static/development/_buildManifest.js.tmp.43hiwswyucz'] {
  errno: -2,
  code: 'ENOENT',
  syscall: 'open',
  path: '/Users/jangajdos/Projects/yeezuz2020.store/frontend/.next/static/development/_buildManifest.js.tmp.43hiwswyucz'
}
[Error: ENOENT: no such file or directory, open '/Users/jangajdos/Projects/yeezuz2020.store/frontend/.next/static/development/_buildManifest.js.tmp.eput6w304q'] {
  errno: -2,
  code: 'ENOENT',
  syscall: 'open',
  path: '/Users/jangajdos/Projects/yeezuz2020.store/frontend/.next/static/development/_buildManifest.js.tmp.eput6w304q'
}
 тип [Error: ENOENT: no such file or directory, open '/Users/jangajdos/Projects/yeezuz2020.store/frontend/.next/server/app/product/[slug]/page/app-build-manifest.json'] {
  errno: -2,
  code: 'ENOENT',
  syscall: 'open',
  path: '/Users/jangajdos/Projects/yeezuz2020.store/frontend/.next/server/app/product/[slug]/page/app-build-manifest.json'
}
 тип [Error: ENOENT: no such file or directory, open '/Users/jangajdos/Projects/yeezuz2020.store/frontend/.next/static/development/_buildManifest.js.tmp.toyuir9tsy'] {
  errno: -2,
  code: 'ENOENT',
  syscall: 'open',
  path: '/Users/jangajdos/Projects/yeezuz2020.store/frontend/.next/static/development/_buildManifest.js.tmp.toyuir9tsy'
}
[Error: ENOENT: no such file or directory, open '/Users/jangajdos/Projects/yeezuz2020.store/frontend/.next/server/app/product/[slug]/page/app-build-manifest.json'] {
  errno: -2,
  code: 'ENOENT',
  syscall: 'open',
  path: '/Users/jangajdos/Projects/yeezuz2020.store/frontend/.next/server/app/product/[slug]/page/app-build-manifest.json'
}
 тип [Error: ENOENT: no such file or directory, open '/Users/jangajdos/Projects/yeezuz2020.store/frontend/.next/static/development/_buildManifest.js.tmp.swhhdukfw2'] {
  errno: -2,
  code: 'ENOENT',
  syscall: 'open',
  path: '/Users/jangajdos/Projects/yeezuz2020.store/frontend/.next/static/development/_buildManifest.js.tmp.swhhdukfw2'
}
[Error: ENOENT: no such file or directory, open '/Users/jangajdos/Projects/yeezuz2020.store/frontend/.next/static/development/_buildManifest.js.tmp.ht26ntni3ml'] {
  errno: -2,
  code: 'ENOENT',
  syscall: 'open',
  path: '/Users/jangajdos/Projects/yeezuz2020.store/frontend/.next/static/development/_buildManifest.js.tmp.ht26ntni3ml'
}
 тип [Error: ENOENT: no such file or directory, open '/Users/jangajdos/Projects/yeezuz2020.store/frontend/.next/static/development/_buildManifest.js.tmp.ceopcu6fzxh'] {
  errno: -2,
  code: 'ENOENT',
  syscall: 'open',
  path: '/Users/jangajdos/Projects/yeezuz2020.store/frontend/.next/static/development/_buildManifest.js.tmp.ceopcu6fzxh'
}
Error fetching order: [TypeError: Failed to parse URL from undefined/api/orders/pi_3RsFxnECICPYvq5c14A4PFGk?token=pi_3RsFxnECICPYvq5c14A4PFGk] {
  [cause]: [TypeError: Invalid URL] {
    code: 'ERR_INVALID_URL',
    input: 'undefined/api/orders/pi_3RsFxnECICPYvq5c14A4PFGk?token=pi_3RsFxnECICPYvq5c14A4PFGk'
  }
}
Error fetching products (attempt 1/3): HTTP 500: Internal Server Error
Error fetching products (attempt 2/3): HTTP 500: Internal Server Error
Error fetching products (attempt 3/3): HTTP 500: Internal Server Error
Failed to fetch products after all retries: Error: HTTP 500: Internal Server Error
    at getProducts (src/app/page.tsx:17:14)
    at async Home (src/app/page.tsx:41:19)
  15 |
  16 |       if (!response.ok) {
> 17 |         throw new Error(`HTTP ${response.status}: ${response.statusText}`);
     |              ^
  18 |       }
  19 |
  20 |       return await response.json();
Error fetching products (attempt 1/3): HTTP 500: Internal Server Error
Error fetching products (attempt 2/3): HTTP 500: Internal Server Error
Error fetching products (attempt 3/3): HTTP 500: Internal Server Error
Failed to fetch products after all retries: Error: HTTP 500: Internal Server Error
    at getProducts (src/app/page.tsx:17:14)
    at async Home (src/app/page.tsx:41:19)
  15 |
  16 |       if (!response.ok) {
> 17 |         throw new Error(`HTTP ${response.status}: ${response.statusText}`);
     |              ^
  18 |       }
  19 |
  20 |       return await response.json();
 тип ./src/app/success/page.tsx:104:6
Parsing ecmascript source code failed
[0m [90m 102 |[39m   }[0m
[0m [90m 103 |[39m   [36mreturn[39m ([0m
[0m[31m[1m>[22m[39m[90m 104 |[39m     [33m<[39m[33mdiv[39m className[33m=[39m[32m"min-h-screen bg-gray-50 py-12 px-4 sm:px-6 lg:px-8"[39m[33m>[39m[0m
[0m [90m     |[39m      [31m[1m^[22m[39m[31m[1m^[22m[39m[31m[1m^[22m[39m[0m
[0m [90m 105 |[39m       [33m<[39m[33mdiv[39m className[33m=[39m[32m"max-w-4xl mx-auto"[39m[33m>[39m[0m
[0m [90m 106 |[39m         [33m<[39m[33mdiv[39m className[33m=[39m[32m"bg-white shadow rounded-lg overflow-hidden"[39m[33m>[39m[0m
[0m [90m 107 |[39m           {[90m/* Header */[39m}[0m

Unexpected token `div`. Expected jsx identifier


 тип [Error: ENOENT: no such file or directory, open '/Users/jangajdos/Projects/yeezuz2020.store/frontend/.next/static/development/_buildManifest.js.tmp.mktgo7i5lw'] {
  errno: -2,
  code: 'ENOENT',
  syscall: 'open',
  path: '/Users/jangajdos/Projects/yeezuz2020.store/frontend/.next/static/development/_buildManifest.js.tmp.mktgo7i5lw'
}
[Error: ENOENT: no such file or directory, open '/Users/jangajdos/Projects/yeezuz2020.store/frontend/.next/server/pages/_app/build-manifest.json'] {
  errno: -2,
  code: 'ENOENT',
  syscall: 'open',
  path: '/Users/jangajdos/Projects/yeezuz2020.store/frontend/.next/server/pages/_app/build-manifest.json'
}
 тип [Error: ENOENT: no such file or directory, open '/Users/jangajdos/Projects/yeezuz2020.store/frontend/.next/server/pages/_app/build-manifest.json'] {
  errno: -2,
  code: 'ENOENT',
  syscall: 'open',
  path: '/Users/jangajdos/Projects/yeezuz2020.store/frontend/.next/server/pages/_app/build-manifest.json'
}
[Error: ENOENT: no such file or directory, open '/Users/jangajdos/Projects/yeezuz2020.store/frontend/.next/server/pages/_app/build-manifest.json'] {
  errno: -2,
  code: 'ENOENT',
  syscall: 'open',
  path: '/Users/jangajdos/Projects/yeezuz2020.store/frontend/.next/server/pages/_app/build-manifest.json'
}
 тип [Error: ENOENT: no such file or directory, open '/Users/jangajdos/Projects/yeezuz2020.store/frontend/.next/static/development/_buildManifest.js.tmp.w7d2ajah0c'] {
  errno: -2,
  code: 'ENOENT',
  syscall: 'open',
  path: '/Users/jangajdos/Projects/yeezuz2020.store/frontend/.next/static/development/_buildManifest.js.tmp.w7d2ajah0c'
}
[Error: ENOENT: no such file or directory, open '/Users/jangajdos/Projects/yeezuz2020.store/frontend/.next/server/pages/_app/build-manifest.json'] {
  errno: -2,
  code: 'ENOENT',
  syscall: 'open',
  path: '/Users/jangajdos/Projects/yeezuz2020.store/frontend/.next/server/pages/_app/build-manifest.json'
}
 тип [Error: ENOENT: no such file or directory, open '/Users/jangajdos/Projects/yeezuz2020.store/frontend/.next/server/pages/_app/build-manifest.json'] {
  errno: -2,
  code: 'ENOENT',
  syscall: 'open',
  path: '/Users/jangajdos/Projects/yeezuz2020.store/frontend/.next/server/pages/_app/build-manifest.json'
}
[Error: ENOENT: no such file or directory, open '/Users/jangajdos/Projects/yeezuz2020.store/frontend/.next/server/pages/_app/build-manifest.json'] {
  errno: -2,
  code: 'ENOENT',
  syscall: 'open',
  path: '/Users/jangajdos/Projects/yeezuz2020.store/frontend/.next/server/pages/_app/build-manifest.json'
}
 тип [Error: ENOENT: no such file or directory, open '/Users/jangajdos/Projects/yeezuz2020.store/frontend/.next/server/app/success/page/app-build-manifest.json'] {
  errno: -2,
  code: 'ENOENT',
  syscall: 'open',
  path: '/Users/jangajdos/Projects/yeezuz2020.store/frontend/.next/server/app/success/page/app-build-manifest.json'
}
 тип [Error: ENOENT: no such file or directory, open '/Users/jangajdos/Projects/yeezuz2020.store/frontend/.next/server/pages/_app/build-manifest.json'] {
  errno: -2,
  code: 'ENOENT',
  syscall: 'open',
  path: '/Users/jangajdos/Projects/yeezuz2020.store/frontend/.next/server/pages/_app/build-manifest.json'
}
[Error: ENOENT: no such file or directory, open '/Users/jangajdos/Projects/yeezuz2020.store/frontend/.next/server/app/success/page/app-build-manifest.json'] {
  errno: -2,
  code: 'ENOENT',
  syscall: 'open',
  path: '/Users/jangajdos/Projects/yeezuz2020.store/frontend/.next/server/app/success/page/app-build-manifest.json'
}
 тип [Error: ENOENT: no such file or directory, open '/Users/jangajdos/Projects/yeezuz2020.store/frontend/.next/server/pages/_app/build-manifest.json'] {
  errno: -2,
  code: 'ENOENT',
  syscall: 'open',
  path: '/Users/jangajdos/Projects/yeezuz2020.store/frontend/.next/server/pages/_app/build-manifest.json'
}
[Error: ENOENT: no such file or directory, open '/Users/jangajdos/Projects/yeezuz2020.store/frontend/.next/server/pages/_app/build-manifest.json'] {
  errno: -2,
  code: 'ENOENT',
  syscall: 'open',
  path: '/Users/jangajdos/Projects/yeezuz2020.store/frontend/.next/server/pages/_app/build-manifest.json'
}
 тип [Error: ENOENT: no such file or directory, open '/Users/jangajdos/Projects/yeezuz2020.store/frontend/.next/server/app/favicon.ico/[__metadata_id__]/route/app-paths-manifest.json'] {
  errno: -2,
  code: 'ENOENT',
  syscall: 'open',
  path: '/Users/jangajdos/Projects/yeezuz2020.store/frontend/.next/server/app/favicon.ico/[__metadata_id__]/route/app-paths-manifest.json'
}
 тип [Error: ENOENT: no such file or directory, open '/Users/jangajdos/Projects/yeezuz2020.store/frontend/.next/server/app/success/page/app-build-manifest.json'] {
  errno: -2,
  code: 'ENOENT',
  syscall: 'open',
  path: '/Users/jangajdos/Projects/yeezuz2020.store/frontend/.next/server/app/success/page/app-build-manifest.json'
}
 тип [Error: ENOENT: no such file or directory, open '/Users/jangajdos/Projects/yeezuz2020.store/frontend/.next/server/pages/_app/build-manifest.json'] {
  errno: -2,
  code: 'ENOENT',
  syscall: 'open',
  path: '/Users/jangajdos/Projects/yeezuz2020.store/frontend/.next/server/pages/_app/build-manifest.json'
}
[Error: ENOENT: no such file or directory, open '/Users/jangajdos/Projects/yeezuz2020.store/frontend/.next/server/app/success/page/app-build-manifest.json'] {
  errno: -2,
  code: 'ENOENT',
  syscall: 'open',
  path: '/Users/jangajdos/Projects/yeezuz2020.store/frontend/.next/server/app/success/page/app-build-manifest.json'
}
 тип [Error: ENOENT: no such file or directory, open '/Users/jangajdos/Projects/yeezuz2020.store/frontend/.next/server/pages/_app/build-manifest.json'] {
  errno: -2,
  code: 'ENOENT',
  syscall: 'open',
  path: '/Users/jangajdos/Projects/yeezuz2020.store/frontend/.next/server/pages/_app/build-manifest.json'
}
[Error: ENOENT: no such file or directory, open '/Users/jangajdos/Projects/yeezuz2020.store/frontend/.next/server/pages/_app/build-manifest.json'] {
  errno: -2,
  code: 'ENOENT',
  syscall: 'open',
  path: '/Users/jangajdos/Projects/yeezuz2020.store/frontend/.next/server/pages/_app/build-manifest.json'
}
 тип [Error: ENOENT: no such file or directory, open '/Users/jangajdos/Projects/yeezuz2020.store/frontend/.next/server/app/favicon.ico/[__metadata_id__]/route/app-paths-manifest.json'] {
  errno: -2,
  code: 'ENOENT',
  syscall: 'open',
  path: '/Users/jangajdos/Projects/yeezuz2020.store/frontend/.next/server/app/favicon.ico/[__metadata_id__]/route/app-paths-manifest.json'
}
 тЪа Fast Refresh had to perform a full reload when ./src/context/CartContext.tsx changed. Read more: https://nextjs.org/docs/messages/fast-refresh-reload
 тЪа Fast Refresh had to perform a full reload when ./src/context/CartContext.tsx changed. Read more: https://nextjs.org/docs/messages/fast-refresh-reload
 тЪа Fast Refresh had to perform a full reload when ./src/context/CartContext.tsx changed. Read more: https://nextjs.org/docs/messages/fast-refresh-reload
